<?xml version="1.0" encoding="UTF-8"?>
<testsuite name="testSuite.VulnerabilityTest" tests="1" skipped="0" failures="0" errors="0" timestamp="2023-11-15T02:20:44" hostname="DESKTOP-6LCD9KO" time="771.043">
  <properties/>
  <testcase name="Test vulnerabilidad" classname="testSuite.VulnerabilityTest" time="771.043"/>
  <system-out><![CDATA[Request method:	GET
Request URI:	http://localhost:8166/JSON/ascan/action/scan/?url=https%3A%2F%2Fjuice-shop.herokuapp.com%2F
Proxy:			<none>
Request params:	<none>
Query params:	url=https://juice-shop.herokuapp.com/
Form params:	<none>
Path params:	<none>
Headers:		Accept=*/*
Cookies:		<none>
Multiparts:		<none>
Body:			<none>
HTTP/1.1 200 OK
Pragma: no-cache
Cache-Control: no-cache, no-store, must-revalidate
Content-Security-Policy: default-src 'none'; script-src 'self'; connect-src 'self'; child-src 'self'; img-src 'self' data:; font-src 'self' data:; style-src 'self'
Referrer-Policy: no-referrer
Access-Control-Allow-Methods: GET,POST,OPTIONS
Access-Control-Allow-Headers: ZAP-Header
X-Frame-Options: DENY
X-XSS-Protection: 1; mode=block
X-Content-Type-Options: nosniff
X-Clacks-Overhead: GNU Terry Pratchett
content-length: 12
Content-Type: application/json; charset=UTF-8

{
    "scan": "0"
}
id >>>> 0
Request method:	GET
Request URI:	http://localhost:8166/JSON/ascan/view/status/?scanId=0
Proxy:			<none>
Request params:	<none>
Query params:	scanId=0
Form params:	<none>
Path params:	<none>
Headers:		Accept=*/*
Cookies:		<none>
Multiparts:		<none>
Body:			<none>
HTTP/1.1 200 OK
Pragma: no-cache
Cache-Control: no-cache, no-store, must-revalidate
Content-Security-Policy: default-src 'none'; script-src 'self'; connect-src 'self'; child-src 'self'; img-src 'self' data:; font-src 'self' data:; style-src 'self'
Referrer-Policy: no-referrer
Access-Control-Allow-Methods: GET,POST,OPTIONS
Access-Control-Allow-Headers: ZAP-Header
X-Frame-Options: DENY
X-XSS-Protection: 1; mode=block
X-Content-Type-Options: nosniff
X-Clacks-Overhead: GNU Terry Pratchett
content-length: 14
Content-Type: application/json; charset=UTF-8

{
    "status": "0"
}
progresso : [0%] 
Request method:	GET
Request URI:	http://localhost:8166/JSON/ascan/view/status/?scanId=0
Proxy:			<none>
Request params:	<none>
Query params:	scanId=0
Form params:	<none>
Path params:	<none>
Headers:		Accept=*/*
Cookies:		<none>
Multiparts:		<none>
Body:			<none>
HTTP/1.1 200 OK
Pragma: no-cache
Cache-Control: no-cache, no-store, must-revalidate
Content-Security-Policy: default-src 'none'; script-src 'self'; connect-src 'self'; child-src 'self'; img-src 'self' data:; font-src 'self' data:; style-src 'self'
Referrer-Policy: no-referrer
Access-Control-Allow-Methods: GET,POST,OPTIONS
Access-Control-Allow-Headers: ZAP-Header
X-Frame-Options: DENY
X-XSS-Protection: 1; mode=block
X-Content-Type-Options: nosniff
X-Clacks-Overhead: GNU Terry Pratchett
content-length: 14
Content-Type: application/json; charset=UTF-8

{
    "status": "0"
}
progresso : [0%] 
Request method:	GET
Request URI:	http://localhost:8166/JSON/ascan/view/status/?scanId=0
Proxy:			<none>
Request params:	<none>
Query params:	scanId=0
Form params:	<none>
Path params:	<none>
Headers:		Accept=*/*
Cookies:		<none>
Multiparts:		<none>
Body:			<none>
HTTP/1.1 200 OK
Pragma: no-cache
Cache-Control: no-cache, no-store, must-revalidate
Content-Security-Policy: default-src 'none'; script-src 'self'; connect-src 'self'; child-src 'self'; img-src 'self' data:; font-src 'self' data:; style-src 'self'
Referrer-Policy: no-referrer
Access-Control-Allow-Methods: GET,POST,OPTIONS
Access-Control-Allow-Headers: ZAP-Header
X-Frame-Options: DENY
X-XSS-Protection: 1; mode=block
X-Content-Type-Options: nosniff
X-Clacks-Overhead: GNU Terry Pratchett
content-length: 14
Content-Type: application/json; charset=UTF-8

{
    "status": "2"
}
progresso : [2%] 
Request method:	GET
Request URI:	http://localhost:8166/JSON/ascan/view/status/?scanId=0
Proxy:			<none>
Request params:	<none>
Query params:	scanId=0
Form params:	<none>
Path params:	<none>
Headers:		Accept=*/*
Cookies:		<none>
Multiparts:		<none>
Body:			<none>
HTTP/1.1 200 OK
Pragma: no-cache
Cache-Control: no-cache, no-store, must-revalidate
Content-Security-Policy: default-src 'none'; script-src 'self'; connect-src 'self'; child-src 'self'; img-src 'self' data:; font-src 'self' data:; style-src 'self'
Referrer-Policy: no-referrer
Access-Control-Allow-Methods: GET,POST,OPTIONS
Access-Control-Allow-Headers: ZAP-Header
X-Frame-Options: DENY
X-XSS-Protection: 1; mode=block
X-Content-Type-Options: nosniff
X-Clacks-Overhead: GNU Terry Pratchett
content-length: 14
Content-Type: application/json; charset=UTF-8

{
    "status": "2"
}
progresso : [2%] 
Request method:	GET
Request URI:	http://localhost:8166/JSON/ascan/view/status/?scanId=0
Proxy:			<none>
Request params:	<none>
Query params:	scanId=0
Form params:	<none>
Path params:	<none>
Headers:		Accept=*/*
Cookies:		<none>
Multiparts:		<none>
Body:			<none>
HTTP/1.1 200 OK
Pragma: no-cache
Cache-Control: no-cache, no-store, must-revalidate
Content-Security-Policy: default-src 'none'; script-src 'self'; connect-src 'self'; child-src 'self'; img-src 'self' data:; font-src 'self' data:; style-src 'self'
Referrer-Policy: no-referrer
Access-Control-Allow-Methods: GET,POST,OPTIONS
Access-Control-Allow-Headers: ZAP-Header
X-Frame-Options: DENY
X-XSS-Protection: 1; mode=block
X-Content-Type-Options: nosniff
X-Clacks-Overhead: GNU Terry Pratchett
content-length: 14
Content-Type: application/json; charset=UTF-8

{
    "status": "2"
}
progresso : [2%] 
Request method:	GET
Request URI:	http://localhost:8166/JSON/ascan/view/status/?scanId=0
Proxy:			<none>
Request params:	<none>
Query params:	scanId=0
Form params:	<none>
Path params:	<none>
Headers:		Accept=*/*
Cookies:		<none>
Multiparts:		<none>
Body:			<none>
HTTP/1.1 200 OK
Pragma: no-cache
Cache-Control: no-cache, no-store, must-revalidate
Content-Security-Policy: default-src 'none'; script-src 'self'; connect-src 'self'; child-src 'self'; img-src 'self' data:; font-src 'self' data:; style-src 'self'
Referrer-Policy: no-referrer
Access-Control-Allow-Methods: GET,POST,OPTIONS
Access-Control-Allow-Headers: ZAP-Header
X-Frame-Options: DENY
X-XSS-Protection: 1; mode=block
X-Content-Type-Options: nosniff
X-Clacks-Overhead: GNU Terry Pratchett
content-length: 14
Content-Type: application/json; charset=UTF-8

{
    "status": "2"
}
progresso : [2%] 
Request method:	GET
Request URI:	http://localhost:8166/JSON/ascan/view/status/?scanId=0
Proxy:			<none>
Request params:	<none>
Query params:	scanId=0
Form params:	<none>
Path params:	<none>
Headers:		Accept=*/*
Cookies:		<none>
Multiparts:		<none>
Body:			<none>
HTTP/1.1 200 OK
Pragma: no-cache
Cache-Control: no-cache, no-store, must-revalidate
Content-Security-Policy: default-src 'none'; script-src 'self'; connect-src 'self'; child-src 'self'; img-src 'self' data:; font-src 'self' data:; style-src 'self'
Referrer-Policy: no-referrer
Access-Control-Allow-Methods: GET,POST,OPTIONS
Access-Control-Allow-Headers: ZAP-Header
X-Frame-Options: DENY
X-XSS-Protection: 1; mode=block
X-Content-Type-Options: nosniff
X-Clacks-Overhead: GNU Terry Pratchett
content-length: 14
Content-Type: application/json; charset=UTF-8

{
    "status": "2"
}
progresso : [2%] 
Request method:	GET
Request URI:	http://localhost:8166/JSON/ascan/view/status/?scanId=0
Proxy:			<none>
Request params:	<none>
Query params:	scanId=0
Form params:	<none>
Path params:	<none>
Headers:		Accept=*/*
Cookies:		<none>
Multiparts:		<none>
Body:			<none>
HTTP/1.1 200 OK
Pragma: no-cache
Cache-Control: no-cache, no-store, must-revalidate
Content-Security-Policy: default-src 'none'; script-src 'self'; connect-src 'self'; child-src 'self'; img-src 'self' data:; font-src 'self' data:; style-src 'self'
Referrer-Policy: no-referrer
Access-Control-Allow-Methods: GET,POST,OPTIONS
Access-Control-Allow-Headers: ZAP-Header
X-Frame-Options: DENY
X-XSS-Protection: 1; mode=block
X-Content-Type-Options: nosniff
X-Clacks-Overhead: GNU Terry Pratchett
content-length: 14
Content-Type: application/json; charset=UTF-8

{
    "status": "2"
}
progresso : [2%] 
Request method:	GET
Request URI:	http://localhost:8166/JSON/ascan/view/status/?scanId=0
Proxy:			<none>
Request params:	<none>
Query params:	scanId=0
Form params:	<none>
Path params:	<none>
Headers:		Accept=*/*
Cookies:		<none>
Multiparts:		<none>
Body:			<none>
HTTP/1.1 200 OK
Pragma: no-cache
Cache-Control: no-cache, no-store, must-revalidate
Content-Security-Policy: default-src 'none'; script-src 'self'; connect-src 'self'; child-src 'self'; img-src 'self' data:; font-src 'self' data:; style-src 'self'
Referrer-Policy: no-referrer
Access-Control-Allow-Methods: GET,POST,OPTIONS
Access-Control-Allow-Headers: ZAP-Header
X-Frame-Options: DENY
X-XSS-Protection: 1; mode=block
X-Content-Type-Options: nosniff
X-Clacks-Overhead: GNU Terry Pratchett
content-length: 14
Content-Type: application/json; charset=UTF-8

{
    "status": "2"
}
progresso : [2%] 
Request method:	GET
Request URI:	http://localhost:8166/JSON/ascan/view/status/?scanId=0
Proxy:			<none>
Request params:	<none>
Query params:	scanId=0
Form params:	<none>
Path params:	<none>
Headers:		Accept=*/*
Cookies:		<none>
Multiparts:		<none>
Body:			<none>
HTTP/1.1 200 OK
Pragma: no-cache
Cache-Control: no-cache, no-store, must-revalidate
Content-Security-Policy: default-src 'none'; script-src 'self'; connect-src 'self'; child-src 'self'; img-src 'self' data:; font-src 'self' data:; style-src 'self'
Referrer-Policy: no-referrer
Access-Control-Allow-Methods: GET,POST,OPTIONS
Access-Control-Allow-Headers: ZAP-Header
X-Frame-Options: DENY
X-XSS-Protection: 1; mode=block
X-Content-Type-Options: nosniff
X-Clacks-Overhead: GNU Terry Pratchett
content-length: 14
Content-Type: application/json; charset=UTF-8

{
    "status": "2"
}
progresso : [2%] 
Request method:	GET
Request URI:	http://localhost:8166/JSON/ascan/view/status/?scanId=0
Proxy:			<none>
Request params:	<none>
Query params:	scanId=0
Form params:	<none>
Path params:	<none>
Headers:		Accept=*/*
Cookies:		<none>
Multiparts:		<none>
Body:			<none>
HTTP/1.1 200 OK
Pragma: no-cache
Cache-Control: no-cache, no-store, must-revalidate
Content-Security-Policy: default-src 'none'; script-src 'self'; connect-src 'self'; child-src 'self'; img-src 'self' data:; font-src 'self' data:; style-src 'self'
Referrer-Policy: no-referrer
Access-Control-Allow-Methods: GET,POST,OPTIONS
Access-Control-Allow-Headers: ZAP-Header
X-Frame-Options: DENY
X-XSS-Protection: 1; mode=block
X-Content-Type-Options: nosniff
X-Clacks-Overhead: GNU Terry Pratchett
content-length: 14
Content-Type: application/json; charset=UTF-8

{
    "status": "3"
}
progresso : [3%] 
Request method:	GET
Request URI:	http://localhost:8166/JSON/ascan/view/status/?scanId=0
Proxy:			<none>
Request params:	<none>
Query params:	scanId=0
Form params:	<none>
Path params:	<none>
Headers:		Accept=*/*
Cookies:		<none>
Multiparts:		<none>
Body:			<none>
HTTP/1.1 200 OK
Pragma: no-cache
Cache-Control: no-cache, no-store, must-revalidate
Content-Security-Policy: default-src 'none'; script-src 'self'; connect-src 'self'; child-src 'self'; img-src 'self' data:; font-src 'self' data:; style-src 'self'
Referrer-Policy: no-referrer
Access-Control-Allow-Methods: GET,POST,OPTIONS
Access-Control-Allow-Headers: ZAP-Header
X-Frame-Options: DENY
X-XSS-Protection: 1; mode=block
X-Content-Type-Options: nosniff
X-Clacks-Overhead: GNU Terry Pratchett
content-length: 14
Content-Type: application/json; charset=UTF-8

{
    "status": "4"
}
progresso : [4%] 
Request method:	GET
Request URI:	http://localhost:8166/JSON/ascan/view/status/?scanId=0
Proxy:			<none>
Request params:	<none>
Query params:	scanId=0
Form params:	<none>
Path params:	<none>
Headers:		Accept=*/*
Cookies:		<none>
Multiparts:		<none>
Body:			<none>
HTTP/1.1 200 OK
Pragma: no-cache
Cache-Control: no-cache, no-store, must-revalidate
Content-Security-Policy: default-src 'none'; script-src 'self'; connect-src 'self'; child-src 'self'; img-src 'self' data:; font-src 'self' data:; style-src 'self'
Referrer-Policy: no-referrer
Access-Control-Allow-Methods: GET,POST,OPTIONS
Access-Control-Allow-Headers: ZAP-Header
X-Frame-Options: DENY
X-XSS-Protection: 1; mode=block
X-Content-Type-Options: nosniff
X-Clacks-Overhead: GNU Terry Pratchett
content-length: 14
Content-Type: application/json; charset=UTF-8

{
    "status": "4"
}
progresso : [4%] 
Request method:	GET
Request URI:	http://localhost:8166/JSON/ascan/view/status/?scanId=0
Proxy:			<none>
Request params:	<none>
Query params:	scanId=0
Form params:	<none>
Path params:	<none>
Headers:		Accept=*/*
Cookies:		<none>
Multiparts:		<none>
Body:			<none>
HTTP/1.1 200 OK
Pragma: no-cache
Cache-Control: no-cache, no-store, must-revalidate
Content-Security-Policy: default-src 'none'; script-src 'self'; connect-src 'self'; child-src 'self'; img-src 'self' data:; font-src 'self' data:; style-src 'self'
Referrer-Policy: no-referrer
Access-Control-Allow-Methods: GET,POST,OPTIONS
Access-Control-Allow-Headers: ZAP-Header
X-Frame-Options: DENY
X-XSS-Protection: 1; mode=block
X-Content-Type-Options: nosniff
X-Clacks-Overhead: GNU Terry Pratchett
content-length: 14
Content-Type: application/json; charset=UTF-8

{
    "status": "4"
}
progresso : [4%] 
Request method:	GET
Request URI:	http://localhost:8166/JSON/ascan/view/status/?scanId=0
Proxy:			<none>
Request params:	<none>
Query params:	scanId=0
Form params:	<none>
Path params:	<none>
Headers:		Accept=*/*
Cookies:		<none>
Multiparts:		<none>
Body:			<none>
HTTP/1.1 200 OK
Pragma: no-cache
Cache-Control: no-cache, no-store, must-revalidate
Content-Security-Policy: default-src 'none'; script-src 'self'; connect-src 'self'; child-src 'self'; img-src 'self' data:; font-src 'self' data:; style-src 'self'
Referrer-Policy: no-referrer
Access-Control-Allow-Methods: GET,POST,OPTIONS
Access-Control-Allow-Headers: ZAP-Header
X-Frame-Options: DENY
X-XSS-Protection: 1; mode=block
X-Content-Type-Options: nosniff
X-Clacks-Overhead: GNU Terry Pratchett
content-length: 14
Content-Type: application/json; charset=UTF-8

{
    "status": "4"
}
progresso : [4%] 
Request method:	GET
Request URI:	http://localhost:8166/JSON/ascan/view/status/?scanId=0
Proxy:			<none>
Request params:	<none>
Query params:	scanId=0
Form params:	<none>
Path params:	<none>
Headers:		Accept=*/*
Cookies:		<none>
Multiparts:		<none>
Body:			<none>
HTTP/1.1 200 OK
Pragma: no-cache
Cache-Control: no-cache, no-store, must-revalidate
Content-Security-Policy: default-src 'none'; script-src 'self'; connect-src 'self'; child-src 'self'; img-src 'self' data:; font-src 'self' data:; style-src 'self'
Referrer-Policy: no-referrer
Access-Control-Allow-Methods: GET,POST,OPTIONS
Access-Control-Allow-Headers: ZAP-Header
X-Frame-Options: DENY
X-XSS-Protection: 1; mode=block
X-Content-Type-Options: nosniff
X-Clacks-Overhead: GNU Terry Pratchett
content-length: 14
Content-Type: application/json; charset=UTF-8

{
    "status": "4"
}
progresso : [4%] 
Request method:	GET
Request URI:	http://localhost:8166/JSON/ascan/view/status/?scanId=0
Proxy:			<none>
Request params:	<none>
Query params:	scanId=0
Form params:	<none>
Path params:	<none>
Headers:		Accept=*/*
Cookies:		<none>
Multiparts:		<none>
Body:			<none>
HTTP/1.1 200 OK
Pragma: no-cache
Cache-Control: no-cache, no-store, must-revalidate
Content-Security-Policy: default-src 'none'; script-src 'self'; connect-src 'self'; child-src 'self'; img-src 'self' data:; font-src 'self' data:; style-src 'self'
Referrer-Policy: no-referrer
Access-Control-Allow-Methods: GET,POST,OPTIONS
Access-Control-Allow-Headers: ZAP-Header
X-Frame-Options: DENY
X-XSS-Protection: 1; mode=block
X-Content-Type-Options: nosniff
X-Clacks-Overhead: GNU Terry Pratchett
content-length: 14
Content-Type: application/json; charset=UTF-8

{
    "status": "4"
}
progresso : [4%] 
Request method:	GET
Request URI:	http://localhost:8166/JSON/ascan/view/status/?scanId=0
Proxy:			<none>
Request params:	<none>
Query params:	scanId=0
Form params:	<none>
Path params:	<none>
Headers:		Accept=*/*
Cookies:		<none>
Multiparts:		<none>
Body:			<none>
HTTP/1.1 200 OK
Pragma: no-cache
Cache-Control: no-cache, no-store, must-revalidate
Content-Security-Policy: default-src 'none'; script-src 'self'; connect-src 'self'; child-src 'self'; img-src 'self' data:; font-src 'self' data:; style-src 'self'
Referrer-Policy: no-referrer
Access-Control-Allow-Methods: GET,POST,OPTIONS
Access-Control-Allow-Headers: ZAP-Header
X-Frame-Options: DENY
X-XSS-Protection: 1; mode=block
X-Content-Type-Options: nosniff
X-Clacks-Overhead: GNU Terry Pratchett
content-length: 15
Content-Type: application/json; charset=UTF-8

{
    "status": "10"
}
progresso : [10%] 
Request method:	GET
Request URI:	http://localhost:8166/JSON/ascan/view/status/?scanId=0
Proxy:			<none>
Request params:	<none>
Query params:	scanId=0
Form params:	<none>
Path params:	<none>
Headers:		Accept=*/*
Cookies:		<none>
Multiparts:		<none>
Body:			<none>
HTTP/1.1 200 OK
Pragma: no-cache
Cache-Control: no-cache, no-store, must-revalidate
Content-Security-Policy: default-src 'none'; script-src 'self'; connect-src 'self'; child-src 'self'; img-src 'self' data:; font-src 'self' data:; style-src 'self'
Referrer-Policy: no-referrer
Access-Control-Allow-Methods: GET,POST,OPTIONS
Access-Control-Allow-Headers: ZAP-Header
X-Frame-Options: DENY
X-XSS-Protection: 1; mode=block
X-Content-Type-Options: nosniff
X-Clacks-Overhead: GNU Terry Pratchett
content-length: 15
Content-Type: application/json; charset=UTF-8

{
    "status": "12"
}
progresso : [12%] 
Request method:	GET
Request URI:	http://localhost:8166/JSON/ascan/view/status/?scanId=0
Proxy:			<none>
Request params:	<none>
Query params:	scanId=0
Form params:	<none>
Path params:	<none>
Headers:		Accept=*/*
Cookies:		<none>
Multiparts:		<none>
Body:			<none>
HTTP/1.1 200 OK
Pragma: no-cache
Cache-Control: no-cache, no-store, must-revalidate
Content-Security-Policy: default-src 'none'; script-src 'self'; connect-src 'self'; child-src 'self'; img-src 'self' data:; font-src 'self' data:; style-src 'self'
Referrer-Policy: no-referrer
Access-Control-Allow-Methods: GET,POST,OPTIONS
Access-Control-Allow-Headers: ZAP-Header
X-Frame-Options: DENY
X-XSS-Protection: 1; mode=block
X-Content-Type-Options: nosniff
X-Clacks-Overhead: GNU Terry Pratchett
content-length: 15
Content-Type: application/json; charset=UTF-8

{
    "status": "13"
}
progresso : [13%] 
Request method:	GET
Request URI:	http://localhost:8166/JSON/ascan/view/status/?scanId=0
Proxy:			<none>
Request params:	<none>
Query params:	scanId=0
Form params:	<none>
Path params:	<none>
Headers:		Accept=*/*
Cookies:		<none>
Multiparts:		<none>
Body:			<none>
HTTP/1.1 200 OK
Pragma: no-cache
Cache-Control: no-cache, no-store, must-revalidate
Content-Security-Policy: default-src 'none'; script-src 'self'; connect-src 'self'; child-src 'self'; img-src 'self' data:; font-src 'self' data:; style-src 'self'
Referrer-Policy: no-referrer
Access-Control-Allow-Methods: GET,POST,OPTIONS
Access-Control-Allow-Headers: ZAP-Header
X-Frame-Options: DENY
X-XSS-Protection: 1; mode=block
X-Content-Type-Options: nosniff
X-Clacks-Overhead: GNU Terry Pratchett
content-length: 15
Content-Type: application/json; charset=UTF-8

{
    "status": "14"
}
progresso : [14%] 
Request method:	GET
Request URI:	http://localhost:8166/JSON/ascan/view/status/?scanId=0
Proxy:			<none>
Request params:	<none>
Query params:	scanId=0
Form params:	<none>
Path params:	<none>
Headers:		Accept=*/*
Cookies:		<none>
Multiparts:		<none>
Body:			<none>
HTTP/1.1 200 OK
Pragma: no-cache
Cache-Control: no-cache, no-store, must-revalidate
Content-Security-Policy: default-src 'none'; script-src 'self'; connect-src 'self'; child-src 'self'; img-src 'self' data:; font-src 'self' data:; style-src 'self'
Referrer-Policy: no-referrer
Access-Control-Allow-Methods: GET,POST,OPTIONS
Access-Control-Allow-Headers: ZAP-Header
X-Frame-Options: DENY
X-XSS-Protection: 1; mode=block
X-Content-Type-Options: nosniff
X-Clacks-Overhead: GNU Terry Pratchett
content-length: 15
Content-Type: application/json; charset=UTF-8

{
    "status": "14"
}
progresso : [14%] 
Request method:	GET
Request URI:	http://localhost:8166/JSON/ascan/view/status/?scanId=0
Proxy:			<none>
Request params:	<none>
Query params:	scanId=0
Form params:	<none>
Path params:	<none>
Headers:		Accept=*/*
Cookies:		<none>
Multiparts:		<none>
Body:			<none>
HTTP/1.1 200 OK
Pragma: no-cache
Cache-Control: no-cache, no-store, must-revalidate
Content-Security-Policy: default-src 'none'; script-src 'self'; connect-src 'self'; child-src 'self'; img-src 'self' data:; font-src 'self' data:; style-src 'self'
Referrer-Policy: no-referrer
Access-Control-Allow-Methods: GET,POST,OPTIONS
Access-Control-Allow-Headers: ZAP-Header
X-Frame-Options: DENY
X-XSS-Protection: 1; mode=block
X-Content-Type-Options: nosniff
X-Clacks-Overhead: GNU Terry Pratchett
content-length: 15
Content-Type: application/json; charset=UTF-8

{
    "status": "14"
}
progresso : [14%] 
Request method:	GET
Request URI:	http://localhost:8166/JSON/ascan/view/status/?scanId=0
Proxy:			<none>
Request params:	<none>
Query params:	scanId=0
Form params:	<none>
Path params:	<none>
Headers:		Accept=*/*
Cookies:		<none>
Multiparts:		<none>
Body:			<none>
HTTP/1.1 200 OK
Pragma: no-cache
Cache-Control: no-cache, no-store, must-revalidate
Content-Security-Policy: default-src 'none'; script-src 'self'; connect-src 'self'; child-src 'self'; img-src 'self' data:; font-src 'self' data:; style-src 'self'
Referrer-Policy: no-referrer
Access-Control-Allow-Methods: GET,POST,OPTIONS
Access-Control-Allow-Headers: ZAP-Header
X-Frame-Options: DENY
X-XSS-Protection: 1; mode=block
X-Content-Type-Options: nosniff
X-Clacks-Overhead: GNU Terry Pratchett
content-length: 15
Content-Type: application/json; charset=UTF-8

{
    "status": "14"
}
progresso : [14%] 
Request method:	GET
Request URI:	http://localhost:8166/JSON/ascan/view/status/?scanId=0
Proxy:			<none>
Request params:	<none>
Query params:	scanId=0
Form params:	<none>
Path params:	<none>
Headers:		Accept=*/*
Cookies:		<none>
Multiparts:		<none>
Body:			<none>
HTTP/1.1 200 OK
Pragma: no-cache
Cache-Control: no-cache, no-store, must-revalidate
Content-Security-Policy: default-src 'none'; script-src 'self'; connect-src 'self'; child-src 'self'; img-src 'self' data:; font-src 'self' data:; style-src 'self'
Referrer-Policy: no-referrer
Access-Control-Allow-Methods: GET,POST,OPTIONS
Access-Control-Allow-Headers: ZAP-Header
X-Frame-Options: DENY
X-XSS-Protection: 1; mode=block
X-Content-Type-Options: nosniff
X-Clacks-Overhead: GNU Terry Pratchett
content-length: 15
Content-Type: application/json; charset=UTF-8

{
    "status": "15"
}
progresso : [15%] 
Request method:	GET
Request URI:	http://localhost:8166/JSON/ascan/view/status/?scanId=0
Proxy:			<none>
Request params:	<none>
Query params:	scanId=0
Form params:	<none>
Path params:	<none>
Headers:		Accept=*/*
Cookies:		<none>
Multiparts:		<none>
Body:			<none>
HTTP/1.1 200 OK
Pragma: no-cache
Cache-Control: no-cache, no-store, must-revalidate
Content-Security-Policy: default-src 'none'; script-src 'self'; connect-src 'self'; child-src 'self'; img-src 'self' data:; font-src 'self' data:; style-src 'self'
Referrer-Policy: no-referrer
Access-Control-Allow-Methods: GET,POST,OPTIONS
Access-Control-Allow-Headers: ZAP-Header
X-Frame-Options: DENY
X-XSS-Protection: 1; mode=block
X-Content-Type-Options: nosniff
X-Clacks-Overhead: GNU Terry Pratchett
content-length: 15
Content-Type: application/json; charset=UTF-8

{
    "status": "16"
}
progresso : [16%] 
Request method:	GET
Request URI:	http://localhost:8166/JSON/ascan/view/status/?scanId=0
Proxy:			<none>
Request params:	<none>
Query params:	scanId=0
Form params:	<none>
Path params:	<none>
Headers:		Accept=*/*
Cookies:		<none>
Multiparts:		<none>
Body:			<none>
HTTP/1.1 200 OK
Pragma: no-cache
Cache-Control: no-cache, no-store, must-revalidate
Content-Security-Policy: default-src 'none'; script-src 'self'; connect-src 'self'; child-src 'self'; img-src 'self' data:; font-src 'self' data:; style-src 'self'
Referrer-Policy: no-referrer
Access-Control-Allow-Methods: GET,POST,OPTIONS
Access-Control-Allow-Headers: ZAP-Header
X-Frame-Options: DENY
X-XSS-Protection: 1; mode=block
X-Content-Type-Options: nosniff
X-Clacks-Overhead: GNU Terry Pratchett
content-length: 15
Content-Type: application/json; charset=UTF-8

{
    "status": "16"
}
progresso : [16%] 
Request method:	GET
Request URI:	http://localhost:8166/JSON/ascan/view/status/?scanId=0
Proxy:			<none>
Request params:	<none>
Query params:	scanId=0
Form params:	<none>
Path params:	<none>
Headers:		Accept=*/*
Cookies:		<none>
Multiparts:		<none>
Body:			<none>
HTTP/1.1 200 OK
Pragma: no-cache
Cache-Control: no-cache, no-store, must-revalidate
Content-Security-Policy: default-src 'none'; script-src 'self'; connect-src 'self'; child-src 'self'; img-src 'self' data:; font-src 'self' data:; style-src 'self'
Referrer-Policy: no-referrer
Access-Control-Allow-Methods: GET,POST,OPTIONS
Access-Control-Allow-Headers: ZAP-Header
X-Frame-Options: DENY
X-XSS-Protection: 1; mode=block
X-Content-Type-Options: nosniff
X-Clacks-Overhead: GNU Terry Pratchett
content-length: 15
Content-Type: application/json; charset=UTF-8

{
    "status": "17"
}
progresso : [17%] 
Request method:	GET
Request URI:	http://localhost:8166/JSON/ascan/view/status/?scanId=0
Proxy:			<none>
Request params:	<none>
Query params:	scanId=0
Form params:	<none>
Path params:	<none>
Headers:		Accept=*/*
Cookies:		<none>
Multiparts:		<none>
Body:			<none>
HTTP/1.1 200 OK
Pragma: no-cache
Cache-Control: no-cache, no-store, must-revalidate
Content-Security-Policy: default-src 'none'; script-src 'self'; connect-src 'self'; child-src 'self'; img-src 'self' data:; font-src 'self' data:; style-src 'self'
Referrer-Policy: no-referrer
Access-Control-Allow-Methods: GET,POST,OPTIONS
Access-Control-Allow-Headers: ZAP-Header
X-Frame-Options: DENY
X-XSS-Protection: 1; mode=block
X-Content-Type-Options: nosniff
X-Clacks-Overhead: GNU Terry Pratchett
content-length: 15
Content-Type: application/json; charset=UTF-8

{
    "status": "17"
}
progresso : [17%] 
Request method:	GET
Request URI:	http://localhost:8166/JSON/ascan/view/status/?scanId=0
Proxy:			<none>
Request params:	<none>
Query params:	scanId=0
Form params:	<none>
Path params:	<none>
Headers:		Accept=*/*
Cookies:		<none>
Multiparts:		<none>
Body:			<none>
HTTP/1.1 200 OK
Pragma: no-cache
Cache-Control: no-cache, no-store, must-revalidate
Content-Security-Policy: default-src 'none'; script-src 'self'; connect-src 'self'; child-src 'self'; img-src 'self' data:; font-src 'self' data:; style-src 'self'
Referrer-Policy: no-referrer
Access-Control-Allow-Methods: GET,POST,OPTIONS
Access-Control-Allow-Headers: ZAP-Header
X-Frame-Options: DENY
X-XSS-Protection: 1; mode=block
X-Content-Type-Options: nosniff
X-Clacks-Overhead: GNU Terry Pratchett
content-length: 15
Content-Type: application/json; charset=UTF-8

{
    "status": "19"
}
progresso : [19%] 
Request method:	GET
Request URI:	http://localhost:8166/JSON/ascan/view/status/?scanId=0
Proxy:			<none>
Request params:	<none>
Query params:	scanId=0
Form params:	<none>
Path params:	<none>
Headers:		Accept=*/*
Cookies:		<none>
Multiparts:		<none>
Body:			<none>
HTTP/1.1 200 OK
Pragma: no-cache
Cache-Control: no-cache, no-store, must-revalidate
Content-Security-Policy: default-src 'none'; script-src 'self'; connect-src 'self'; child-src 'self'; img-src 'self' data:; font-src 'self' data:; style-src 'self'
Referrer-Policy: no-referrer
Access-Control-Allow-Methods: GET,POST,OPTIONS
Access-Control-Allow-Headers: ZAP-Header
X-Frame-Options: DENY
X-XSS-Protection: 1; mode=block
X-Content-Type-Options: nosniff
X-Clacks-Overhead: GNU Terry Pratchett
content-length: 15
Content-Type: application/json; charset=UTF-8

{
    "status": "19"
}
progresso : [19%] 
Request method:	GET
Request URI:	http://localhost:8166/JSON/ascan/view/status/?scanId=0
Proxy:			<none>
Request params:	<none>
Query params:	scanId=0
Form params:	<none>
Path params:	<none>
Headers:		Accept=*/*
Cookies:		<none>
Multiparts:		<none>
Body:			<none>
HTTP/1.1 200 OK
Pragma: no-cache
Cache-Control: no-cache, no-store, must-revalidate
Content-Security-Policy: default-src 'none'; script-src 'self'; connect-src 'self'; child-src 'self'; img-src 'self' data:; font-src 'self' data:; style-src 'self'
Referrer-Policy: no-referrer
Access-Control-Allow-Methods: GET,POST,OPTIONS
Access-Control-Allow-Headers: ZAP-Header
X-Frame-Options: DENY
X-XSS-Protection: 1; mode=block
X-Content-Type-Options: nosniff
X-Clacks-Overhead: GNU Terry Pratchett
content-length: 15
Content-Type: application/json; charset=UTF-8

{
    "status": "19"
}
progresso : [19%] 
Request method:	GET
Request URI:	http://localhost:8166/JSON/ascan/view/status/?scanId=0
Proxy:			<none>
Request params:	<none>
Query params:	scanId=0
Form params:	<none>
Path params:	<none>
Headers:		Accept=*/*
Cookies:		<none>
Multiparts:		<none>
Body:			<none>
HTTP/1.1 200 OK
Pragma: no-cache
Cache-Control: no-cache, no-store, must-revalidate
Content-Security-Policy: default-src 'none'; script-src 'self'; connect-src 'self'; child-src 'self'; img-src 'self' data:; font-src 'self' data:; style-src 'self'
Referrer-Policy: no-referrer
Access-Control-Allow-Methods: GET,POST,OPTIONS
Access-Control-Allow-Headers: ZAP-Header
X-Frame-Options: DENY
X-XSS-Protection: 1; mode=block
X-Content-Type-Options: nosniff
X-Clacks-Overhead: GNU Terry Pratchett
content-length: 15
Content-Type: application/json; charset=UTF-8

{
    "status": "21"
}
progresso : [21%] 
Request method:	GET
Request URI:	http://localhost:8166/JSON/ascan/view/status/?scanId=0
Proxy:			<none>
Request params:	<none>
Query params:	scanId=0
Form params:	<none>
Path params:	<none>
Headers:		Accept=*/*
Cookies:		<none>
Multiparts:		<none>
Body:			<none>
HTTP/1.1 200 OK
Pragma: no-cache
Cache-Control: no-cache, no-store, must-revalidate
Content-Security-Policy: default-src 'none'; script-src 'self'; connect-src 'self'; child-src 'self'; img-src 'self' data:; font-src 'self' data:; style-src 'self'
Referrer-Policy: no-referrer
Access-Control-Allow-Methods: GET,POST,OPTIONS
Access-Control-Allow-Headers: ZAP-Header
X-Frame-Options: DENY
X-XSS-Protection: 1; mode=block
X-Content-Type-Options: nosniff
X-Clacks-Overhead: GNU Terry Pratchett
content-length: 15
Content-Type: application/json; charset=UTF-8

{
    "status": "22"
}
progresso : [22%] 
Request method:	GET
Request URI:	http://localhost:8166/JSON/ascan/view/status/?scanId=0
Proxy:			<none>
Request params:	<none>
Query params:	scanId=0
Form params:	<none>
Path params:	<none>
Headers:		Accept=*/*
Cookies:		<none>
Multiparts:		<none>
Body:			<none>
HTTP/1.1 200 OK
Pragma: no-cache
Cache-Control: no-cache, no-store, must-revalidate
Content-Security-Policy: default-src 'none'; script-src 'self'; connect-src 'self'; child-src 'self'; img-src 'self' data:; font-src 'self' data:; style-src 'self'
Referrer-Policy: no-referrer
Access-Control-Allow-Methods: GET,POST,OPTIONS
Access-Control-Allow-Headers: ZAP-Header
X-Frame-Options: DENY
X-XSS-Protection: 1; mode=block
X-Content-Type-Options: nosniff
X-Clacks-Overhead: GNU Terry Pratchett
content-length: 15
Content-Type: application/json; charset=UTF-8

{
    "status": "24"
}
progresso : [24%] 
Request method:	GET
Request URI:	http://localhost:8166/JSON/ascan/view/status/?scanId=0
Proxy:			<none>
Request params:	<none>
Query params:	scanId=0
Form params:	<none>
Path params:	<none>
Headers:		Accept=*/*
Cookies:		<none>
Multiparts:		<none>
Body:			<none>
HTTP/1.1 200 OK
Pragma: no-cache
Cache-Control: no-cache, no-store, must-revalidate
Content-Security-Policy: default-src 'none'; script-src 'self'; connect-src 'self'; child-src 'self'; img-src 'self' data:; font-src 'self' data:; style-src 'self'
Referrer-Policy: no-referrer
Access-Control-Allow-Methods: GET,POST,OPTIONS
Access-Control-Allow-Headers: ZAP-Header
X-Frame-Options: DENY
X-XSS-Protection: 1; mode=block
X-Content-Type-Options: nosniff
X-Clacks-Overhead: GNU Terry Pratchett
content-length: 15
Content-Type: application/json; charset=UTF-8

{
    "status": "26"
}
progresso : [26%] 
Request method:	GET
Request URI:	http://localhost:8166/JSON/ascan/view/status/?scanId=0
Proxy:			<none>
Request params:	<none>
Query params:	scanId=0
Form params:	<none>
Path params:	<none>
Headers:		Accept=*/*
Cookies:		<none>
Multiparts:		<none>
Body:			<none>
HTTP/1.1 200 OK
Pragma: no-cache
Cache-Control: no-cache, no-store, must-revalidate
Content-Security-Policy: default-src 'none'; script-src 'self'; connect-src 'self'; child-src 'self'; img-src 'self' data:; font-src 'self' data:; style-src 'self'
Referrer-Policy: no-referrer
Access-Control-Allow-Methods: GET,POST,OPTIONS
Access-Control-Allow-Headers: ZAP-Header
X-Frame-Options: DENY
X-XSS-Protection: 1; mode=block
X-Content-Type-Options: nosniff
X-Clacks-Overhead: GNU Terry Pratchett
content-length: 15
Content-Type: application/json; charset=UTF-8

{
    "status": "27"
}
progresso : [27%] 
Request method:	GET
Request URI:	http://localhost:8166/JSON/ascan/view/status/?scanId=0
Proxy:			<none>
Request params:	<none>
Query params:	scanId=0
Form params:	<none>
Path params:	<none>
Headers:		Accept=*/*
Cookies:		<none>
Multiparts:		<none>
Body:			<none>
HTTP/1.1 200 OK
Pragma: no-cache
Cache-Control: no-cache, no-store, must-revalidate
Content-Security-Policy: default-src 'none'; script-src 'self'; connect-src 'self'; child-src 'self'; img-src 'self' data:; font-src 'self' data:; style-src 'self'
Referrer-Policy: no-referrer
Access-Control-Allow-Methods: GET,POST,OPTIONS
Access-Control-Allow-Headers: ZAP-Header
X-Frame-Options: DENY
X-XSS-Protection: 1; mode=block
X-Content-Type-Options: nosniff
X-Clacks-Overhead: GNU Terry Pratchett
content-length: 15
Content-Type: application/json; charset=UTF-8

{
    "status": "27"
}
progresso : [27%] 
Request method:	GET
Request URI:	http://localhost:8166/JSON/ascan/view/status/?scanId=0
Proxy:			<none>
Request params:	<none>
Query params:	scanId=0
Form params:	<none>
Path params:	<none>
Headers:		Accept=*/*
Cookies:		<none>
Multiparts:		<none>
Body:			<none>
HTTP/1.1 200 OK
Pragma: no-cache
Cache-Control: no-cache, no-store, must-revalidate
Content-Security-Policy: default-src 'none'; script-src 'self'; connect-src 'self'; child-src 'self'; img-src 'self' data:; font-src 'self' data:; style-src 'self'
Referrer-Policy: no-referrer
Access-Control-Allow-Methods: GET,POST,OPTIONS
Access-Control-Allow-Headers: ZAP-Header
X-Frame-Options: DENY
X-XSS-Protection: 1; mode=block
X-Content-Type-Options: nosniff
X-Clacks-Overhead: GNU Terry Pratchett
content-length: 15
Content-Type: application/json; charset=UTF-8

{
    "status": "27"
}
progresso : [27%] 
Request method:	GET
Request URI:	http://localhost:8166/JSON/ascan/view/status/?scanId=0
Proxy:			<none>
Request params:	<none>
Query params:	scanId=0
Form params:	<none>
Path params:	<none>
Headers:		Accept=*/*
Cookies:		<none>
Multiparts:		<none>
Body:			<none>
HTTP/1.1 200 OK
Pragma: no-cache
Cache-Control: no-cache, no-store, must-revalidate
Content-Security-Policy: default-src 'none'; script-src 'self'; connect-src 'self'; child-src 'self'; img-src 'self' data:; font-src 'self' data:; style-src 'self'
Referrer-Policy: no-referrer
Access-Control-Allow-Methods: GET,POST,OPTIONS
Access-Control-Allow-Headers: ZAP-Header
X-Frame-Options: DENY
X-XSS-Protection: 1; mode=block
X-Content-Type-Options: nosniff
X-Clacks-Overhead: GNU Terry Pratchett
content-length: 15
Content-Type: application/json; charset=UTF-8

{
    "status": "27"
}
progresso : [27%] 
Request method:	GET
Request URI:	http://localhost:8166/JSON/ascan/view/status/?scanId=0
Proxy:			<none>
Request params:	<none>
Query params:	scanId=0
Form params:	<none>
Path params:	<none>
Headers:		Accept=*/*
Cookies:		<none>
Multiparts:		<none>
Body:			<none>
HTTP/1.1 200 OK
Pragma: no-cache
Cache-Control: no-cache, no-store, must-revalidate
Content-Security-Policy: default-src 'none'; script-src 'self'; connect-src 'self'; child-src 'self'; img-src 'self' data:; font-src 'self' data:; style-src 'self'
Referrer-Policy: no-referrer
Access-Control-Allow-Methods: GET,POST,OPTIONS
Access-Control-Allow-Headers: ZAP-Header
X-Frame-Options: DENY
X-XSS-Protection: 1; mode=block
X-Content-Type-Options: nosniff
X-Clacks-Overhead: GNU Terry Pratchett
content-length: 15
Content-Type: application/json; charset=UTF-8

{
    "status": "27"
}
progresso : [27%] 
Request method:	GET
Request URI:	http://localhost:8166/JSON/ascan/view/status/?scanId=0
Proxy:			<none>
Request params:	<none>
Query params:	scanId=0
Form params:	<none>
Path params:	<none>
Headers:		Accept=*/*
Cookies:		<none>
Multiparts:		<none>
Body:			<none>
HTTP/1.1 200 OK
Pragma: no-cache
Cache-Control: no-cache, no-store, must-revalidate
Content-Security-Policy: default-src 'none'; script-src 'self'; connect-src 'self'; child-src 'self'; img-src 'self' data:; font-src 'self' data:; style-src 'self'
Referrer-Policy: no-referrer
Access-Control-Allow-Methods: GET,POST,OPTIONS
Access-Control-Allow-Headers: ZAP-Header
X-Frame-Options: DENY
X-XSS-Protection: 1; mode=block
X-Content-Type-Options: nosniff
X-Clacks-Overhead: GNU Terry Pratchett
content-length: 15
Content-Type: application/json; charset=UTF-8

{
    "status": "27"
}
progresso : [27%] 
Request method:	GET
Request URI:	http://localhost:8166/JSON/ascan/view/status/?scanId=0
Proxy:			<none>
Request params:	<none>
Query params:	scanId=0
Form params:	<none>
Path params:	<none>
Headers:		Accept=*/*
Cookies:		<none>
Multiparts:		<none>
Body:			<none>
HTTP/1.1 200 OK
Pragma: no-cache
Cache-Control: no-cache, no-store, must-revalidate
Content-Security-Policy: default-src 'none'; script-src 'self'; connect-src 'self'; child-src 'self'; img-src 'self' data:; font-src 'self' data:; style-src 'self'
Referrer-Policy: no-referrer
Access-Control-Allow-Methods: GET,POST,OPTIONS
Access-Control-Allow-Headers: ZAP-Header
X-Frame-Options: DENY
X-XSS-Protection: 1; mode=block
X-Content-Type-Options: nosniff
X-Clacks-Overhead: GNU Terry Pratchett
content-length: 15
Content-Type: application/json; charset=UTF-8

{
    "status": "27"
}
progresso : [27%] 
Request method:	GET
Request URI:	http://localhost:8166/JSON/ascan/view/status/?scanId=0
Proxy:			<none>
Request params:	<none>
Query params:	scanId=0
Form params:	<none>
Path params:	<none>
Headers:		Accept=*/*
Cookies:		<none>
Multiparts:		<none>
Body:			<none>
HTTP/1.1 200 OK
Pragma: no-cache
Cache-Control: no-cache, no-store, must-revalidate
Content-Security-Policy: default-src 'none'; script-src 'self'; connect-src 'self'; child-src 'self'; img-src 'self' data:; font-src 'self' data:; style-src 'self'
Referrer-Policy: no-referrer
Access-Control-Allow-Methods: GET,POST,OPTIONS
Access-Control-Allow-Headers: ZAP-Header
X-Frame-Options: DENY
X-XSS-Protection: 1; mode=block
X-Content-Type-Options: nosniff
X-Clacks-Overhead: GNU Terry Pratchett
content-length: 15
Content-Type: application/json; charset=UTF-8

{
    "status": "27"
}
progresso : [27%] 
Request method:	GET
Request URI:	http://localhost:8166/JSON/ascan/view/status/?scanId=0
Proxy:			<none>
Request params:	<none>
Query params:	scanId=0
Form params:	<none>
Path params:	<none>
Headers:		Accept=*/*
Cookies:		<none>
Multiparts:		<none>
Body:			<none>
HTTP/1.1 200 OK
Pragma: no-cache
Cache-Control: no-cache, no-store, must-revalidate
Content-Security-Policy: default-src 'none'; script-src 'self'; connect-src 'self'; child-src 'self'; img-src 'self' data:; font-src 'self' data:; style-src 'self'
Referrer-Policy: no-referrer
Access-Control-Allow-Methods: GET,POST,OPTIONS
Access-Control-Allow-Headers: ZAP-Header
X-Frame-Options: DENY
X-XSS-Protection: 1; mode=block
X-Content-Type-Options: nosniff
X-Clacks-Overhead: GNU Terry Pratchett
content-length: 15
Content-Type: application/json; charset=UTF-8

{
    "status": "27"
}
progresso : [27%] 
Request method:	GET
Request URI:	http://localhost:8166/JSON/ascan/view/status/?scanId=0
Proxy:			<none>
Request params:	<none>
Query params:	scanId=0
Form params:	<none>
Path params:	<none>
Headers:		Accept=*/*
Cookies:		<none>
Multiparts:		<none>
Body:			<none>
HTTP/1.1 200 OK
Pragma: no-cache
Cache-Control: no-cache, no-store, must-revalidate
Content-Security-Policy: default-src 'none'; script-src 'self'; connect-src 'self'; child-src 'self'; img-src 'self' data:; font-src 'self' data:; style-src 'self'
Referrer-Policy: no-referrer
Access-Control-Allow-Methods: GET,POST,OPTIONS
Access-Control-Allow-Headers: ZAP-Header
X-Frame-Options: DENY
X-XSS-Protection: 1; mode=block
X-Content-Type-Options: nosniff
X-Clacks-Overhead: GNU Terry Pratchett
content-length: 15
Content-Type: application/json; charset=UTF-8

{
    "status": "27"
}
progresso : [27%] 
Request method:	GET
Request URI:	http://localhost:8166/JSON/ascan/view/status/?scanId=0
Proxy:			<none>
Request params:	<none>
Query params:	scanId=0
Form params:	<none>
Path params:	<none>
Headers:		Accept=*/*
Cookies:		<none>
Multiparts:		<none>
Body:			<none>
HTTP/1.1 200 OK
Pragma: no-cache
Cache-Control: no-cache, no-store, must-revalidate
Content-Security-Policy: default-src 'none'; script-src 'self'; connect-src 'self'; child-src 'self'; img-src 'self' data:; font-src 'self' data:; style-src 'self'
Referrer-Policy: no-referrer
Access-Control-Allow-Methods: GET,POST,OPTIONS
Access-Control-Allow-Headers: ZAP-Header
X-Frame-Options: DENY
X-XSS-Protection: 1; mode=block
X-Content-Type-Options: nosniff
X-Clacks-Overhead: GNU Terry Pratchett
content-length: 15
Content-Type: application/json; charset=UTF-8

{
    "status": "27"
}
progresso : [27%] 
Request method:	GET
Request URI:	http://localhost:8166/JSON/ascan/view/status/?scanId=0
Proxy:			<none>
Request params:	<none>
Query params:	scanId=0
Form params:	<none>
Path params:	<none>
Headers:		Accept=*/*
Cookies:		<none>
Multiparts:		<none>
Body:			<none>
HTTP/1.1 200 OK
Pragma: no-cache
Cache-Control: no-cache, no-store, must-revalidate
Content-Security-Policy: default-src 'none'; script-src 'self'; connect-src 'self'; child-src 'self'; img-src 'self' data:; font-src 'self' data:; style-src 'self'
Referrer-Policy: no-referrer
Access-Control-Allow-Methods: GET,POST,OPTIONS
Access-Control-Allow-Headers: ZAP-Header
X-Frame-Options: DENY
X-XSS-Protection: 1; mode=block
X-Content-Type-Options: nosniff
X-Clacks-Overhead: GNU Terry Pratchett
content-length: 15
Content-Type: application/json; charset=UTF-8

{
    "status": "27"
}
progresso : [27%] 
Request method:	GET
Request URI:	http://localhost:8166/JSON/ascan/view/status/?scanId=0
Proxy:			<none>
Request params:	<none>
Query params:	scanId=0
Form params:	<none>
Path params:	<none>
Headers:		Accept=*/*
Cookies:		<none>
Multiparts:		<none>
Body:			<none>
HTTP/1.1 200 OK
Pragma: no-cache
Cache-Control: no-cache, no-store, must-revalidate
Content-Security-Policy: default-src 'none'; script-src 'self'; connect-src 'self'; child-src 'self'; img-src 'self' data:; font-src 'self' data:; style-src 'self'
Referrer-Policy: no-referrer
Access-Control-Allow-Methods: GET,POST,OPTIONS
Access-Control-Allow-Headers: ZAP-Header
X-Frame-Options: DENY
X-XSS-Protection: 1; mode=block
X-Content-Type-Options: nosniff
X-Clacks-Overhead: GNU Terry Pratchett
content-length: 15
Content-Type: application/json; charset=UTF-8

{
    "status": "27"
}
progresso : [27%] 
Request method:	GET
Request URI:	http://localhost:8166/JSON/ascan/view/status/?scanId=0
Proxy:			<none>
Request params:	<none>
Query params:	scanId=0
Form params:	<none>
Path params:	<none>
Headers:		Accept=*/*
Cookies:		<none>
Multiparts:		<none>
Body:			<none>
HTTP/1.1 200 OK
Pragma: no-cache
Cache-Control: no-cache, no-store, must-revalidate
Content-Security-Policy: default-src 'none'; script-src 'self'; connect-src 'self'; child-src 'self'; img-src 'self' data:; font-src 'self' data:; style-src 'self'
Referrer-Policy: no-referrer
Access-Control-Allow-Methods: GET,POST,OPTIONS
Access-Control-Allow-Headers: ZAP-Header
X-Frame-Options: DENY
X-XSS-Protection: 1; mode=block
X-Content-Type-Options: nosniff
X-Clacks-Overhead: GNU Terry Pratchett
content-length: 15
Content-Type: application/json; charset=UTF-8

{
    "status": "29"
}
progresso : [29%] 
Request method:	GET
Request URI:	http://localhost:8166/JSON/ascan/view/status/?scanId=0
Proxy:			<none>
Request params:	<none>
Query params:	scanId=0
Form params:	<none>
Path params:	<none>
Headers:		Accept=*/*
Cookies:		<none>
Multiparts:		<none>
Body:			<none>
HTTP/1.1 200 OK
Pragma: no-cache
Cache-Control: no-cache, no-store, must-revalidate
Content-Security-Policy: default-src 'none'; script-src 'self'; connect-src 'self'; child-src 'self'; img-src 'self' data:; font-src 'self' data:; style-src 'self'
Referrer-Policy: no-referrer
Access-Control-Allow-Methods: GET,POST,OPTIONS
Access-Control-Allow-Headers: ZAP-Header
X-Frame-Options: DENY
X-XSS-Protection: 1; mode=block
X-Content-Type-Options: nosniff
X-Clacks-Overhead: GNU Terry Pratchett
content-length: 15
Content-Type: application/json; charset=UTF-8

{
    "status": "29"
}
progresso : [29%] 
Request method:	GET
Request URI:	http://localhost:8166/JSON/ascan/view/status/?scanId=0
Proxy:			<none>
Request params:	<none>
Query params:	scanId=0
Form params:	<none>
Path params:	<none>
Headers:		Accept=*/*
Cookies:		<none>
Multiparts:		<none>
Body:			<none>
HTTP/1.1 200 OK
Pragma: no-cache
Cache-Control: no-cache, no-store, must-revalidate
Content-Security-Policy: default-src 'none'; script-src 'self'; connect-src 'self'; child-src 'self'; img-src 'self' data:; font-src 'self' data:; style-src 'self'
Referrer-Policy: no-referrer
Access-Control-Allow-Methods: GET,POST,OPTIONS
Access-Control-Allow-Headers: ZAP-Header
X-Frame-Options: DENY
X-XSS-Protection: 1; mode=block
X-Content-Type-Options: nosniff
X-Clacks-Overhead: GNU Terry Pratchett
content-length: 15
Content-Type: application/json; charset=UTF-8

{
    "status": "29"
}
progresso : [29%] 
Request method:	GET
Request URI:	http://localhost:8166/JSON/ascan/view/status/?scanId=0
Proxy:			<none>
Request params:	<none>
Query params:	scanId=0
Form params:	<none>
Path params:	<none>
Headers:		Accept=*/*
Cookies:		<none>
Multiparts:		<none>
Body:			<none>
HTTP/1.1 200 OK
Pragma: no-cache
Cache-Control: no-cache, no-store, must-revalidate
Content-Security-Policy: default-src 'none'; script-src 'self'; connect-src 'self'; child-src 'self'; img-src 'self' data:; font-src 'self' data:; style-src 'self'
Referrer-Policy: no-referrer
Access-Control-Allow-Methods: GET,POST,OPTIONS
Access-Control-Allow-Headers: ZAP-Header
X-Frame-Options: DENY
X-XSS-Protection: 1; mode=block
X-Content-Type-Options: nosniff
X-Clacks-Overhead: GNU Terry Pratchett
content-length: 15
Content-Type: application/json; charset=UTF-8

{
    "status": "29"
}
progresso : [29%] 
Request method:	GET
Request URI:	http://localhost:8166/JSON/ascan/view/status/?scanId=0
Proxy:			<none>
Request params:	<none>
Query params:	scanId=0
Form params:	<none>
Path params:	<none>
Headers:		Accept=*/*
Cookies:		<none>
Multiparts:		<none>
Body:			<none>
HTTP/1.1 200 OK
Pragma: no-cache
Cache-Control: no-cache, no-store, must-revalidate
Content-Security-Policy: default-src 'none'; script-src 'self'; connect-src 'self'; child-src 'self'; img-src 'self' data:; font-src 'self' data:; style-src 'self'
Referrer-Policy: no-referrer
Access-Control-Allow-Methods: GET,POST,OPTIONS
Access-Control-Allow-Headers: ZAP-Header
X-Frame-Options: DENY
X-XSS-Protection: 1; mode=block
X-Content-Type-Options: nosniff
X-Clacks-Overhead: GNU Terry Pratchett
content-length: 15
Content-Type: application/json; charset=UTF-8

{
    "status": "30"
}
progresso : [30%] 
Request method:	GET
Request URI:	http://localhost:8166/JSON/ascan/view/status/?scanId=0
Proxy:			<none>
Request params:	<none>
Query params:	scanId=0
Form params:	<none>
Path params:	<none>
Headers:		Accept=*/*
Cookies:		<none>
Multiparts:		<none>
Body:			<none>
HTTP/1.1 200 OK
Pragma: no-cache
Cache-Control: no-cache, no-store, must-revalidate
Content-Security-Policy: default-src 'none'; script-src 'self'; connect-src 'self'; child-src 'self'; img-src 'self' data:; font-src 'self' data:; style-src 'self'
Referrer-Policy: no-referrer
Access-Control-Allow-Methods: GET,POST,OPTIONS
Access-Control-Allow-Headers: ZAP-Header
X-Frame-Options: DENY
X-XSS-Protection: 1; mode=block
X-Content-Type-Options: nosniff
X-Clacks-Overhead: GNU Terry Pratchett
content-length: 15
Content-Type: application/json; charset=UTF-8

{
    "status": "31"
}
progresso : [31%] 
Request method:	GET
Request URI:	http://localhost:8166/JSON/ascan/view/status/?scanId=0
Proxy:			<none>
Request params:	<none>
Query params:	scanId=0
Form params:	<none>
Path params:	<none>
Headers:		Accept=*/*
Cookies:		<none>
Multiparts:		<none>
Body:			<none>
HTTP/1.1 200 OK
Pragma: no-cache
Cache-Control: no-cache, no-store, must-revalidate
Content-Security-Policy: default-src 'none'; script-src 'self'; connect-src 'self'; child-src 'self'; img-src 'self' data:; font-src 'self' data:; style-src 'self'
Referrer-Policy: no-referrer
Access-Control-Allow-Methods: GET,POST,OPTIONS
Access-Control-Allow-Headers: ZAP-Header
X-Frame-Options: DENY
X-XSS-Protection: 1; mode=block
X-Content-Type-Options: nosniff
X-Clacks-Overhead: GNU Terry Pratchett
content-length: 15
Content-Type: application/json; charset=UTF-8

{
    "status": "31"
}
progresso : [31%] 
Request method:	GET
Request URI:	http://localhost:8166/JSON/ascan/view/status/?scanId=0
Proxy:			<none>
Request params:	<none>
Query params:	scanId=0
Form params:	<none>
Path params:	<none>
Headers:		Accept=*/*
Cookies:		<none>
Multiparts:		<none>
Body:			<none>
HTTP/1.1 200 OK
Pragma: no-cache
Cache-Control: no-cache, no-store, must-revalidate
Content-Security-Policy: default-src 'none'; script-src 'self'; connect-src 'self'; child-src 'self'; img-src 'self' data:; font-src 'self' data:; style-src 'self'
Referrer-Policy: no-referrer
Access-Control-Allow-Methods: GET,POST,OPTIONS
Access-Control-Allow-Headers: ZAP-Header
X-Frame-Options: DENY
X-XSS-Protection: 1; mode=block
X-Content-Type-Options: nosniff
X-Clacks-Overhead: GNU Terry Pratchett
content-length: 15
Content-Type: application/json; charset=UTF-8

{
    "status": "31"
}
progresso : [31%] 
Request method:	GET
Request URI:	http://localhost:8166/JSON/ascan/view/status/?scanId=0
Proxy:			<none>
Request params:	<none>
Query params:	scanId=0
Form params:	<none>
Path params:	<none>
Headers:		Accept=*/*
Cookies:		<none>
Multiparts:		<none>
Body:			<none>
HTTP/1.1 200 OK
Pragma: no-cache
Cache-Control: no-cache, no-store, must-revalidate
Content-Security-Policy: default-src 'none'; script-src 'self'; connect-src 'self'; child-src 'self'; img-src 'self' data:; font-src 'self' data:; style-src 'self'
Referrer-Policy: no-referrer
Access-Control-Allow-Methods: GET,POST,OPTIONS
Access-Control-Allow-Headers: ZAP-Header
X-Frame-Options: DENY
X-XSS-Protection: 1; mode=block
X-Content-Type-Options: nosniff
X-Clacks-Overhead: GNU Terry Pratchett
content-length: 15
Content-Type: application/json; charset=UTF-8

{
    "status": "32"
}
progresso : [32%] 
Request method:	GET
Request URI:	http://localhost:8166/JSON/ascan/view/status/?scanId=0
Proxy:			<none>
Request params:	<none>
Query params:	scanId=0
Form params:	<none>
Path params:	<none>
Headers:		Accept=*/*
Cookies:		<none>
Multiparts:		<none>
Body:			<none>
HTTP/1.1 200 OK
Pragma: no-cache
Cache-Control: no-cache, no-store, must-revalidate
Content-Security-Policy: default-src 'none'; script-src 'self'; connect-src 'self'; child-src 'self'; img-src 'self' data:; font-src 'self' data:; style-src 'self'
Referrer-Policy: no-referrer
Access-Control-Allow-Methods: GET,POST,OPTIONS
Access-Control-Allow-Headers: ZAP-Header
X-Frame-Options: DENY
X-XSS-Protection: 1; mode=block
X-Content-Type-Options: nosniff
X-Clacks-Overhead: GNU Terry Pratchett
content-length: 15
Content-Type: application/json; charset=UTF-8

{
    "status": "33"
}
progresso : [33%] 
Request method:	GET
Request URI:	http://localhost:8166/JSON/ascan/view/status/?scanId=0
Proxy:			<none>
Request params:	<none>
Query params:	scanId=0
Form params:	<none>
Path params:	<none>
Headers:		Accept=*/*
Cookies:		<none>
Multiparts:		<none>
Body:			<none>
HTTP/1.1 200 OK
Pragma: no-cache
Cache-Control: no-cache, no-store, must-revalidate
Content-Security-Policy: default-src 'none'; script-src 'self'; connect-src 'self'; child-src 'self'; img-src 'self' data:; font-src 'self' data:; style-src 'self'
Referrer-Policy: no-referrer
Access-Control-Allow-Methods: GET,POST,OPTIONS
Access-Control-Allow-Headers: ZAP-Header
X-Frame-Options: DENY
X-XSS-Protection: 1; mode=block
X-Content-Type-Options: nosniff
X-Clacks-Overhead: GNU Terry Pratchett
content-length: 15
Content-Type: application/json; charset=UTF-8

{
    "status": "33"
}
progresso : [33%] 
Request method:	GET
Request URI:	http://localhost:8166/JSON/ascan/view/status/?scanId=0
Proxy:			<none>
Request params:	<none>
Query params:	scanId=0
Form params:	<none>
Path params:	<none>
Headers:		Accept=*/*
Cookies:		<none>
Multiparts:		<none>
Body:			<none>
HTTP/1.1 200 OK
Pragma: no-cache
Cache-Control: no-cache, no-store, must-revalidate
Content-Security-Policy: default-src 'none'; script-src 'self'; connect-src 'self'; child-src 'self'; img-src 'self' data:; font-src 'self' data:; style-src 'self'
Referrer-Policy: no-referrer
Access-Control-Allow-Methods: GET,POST,OPTIONS
Access-Control-Allow-Headers: ZAP-Header
X-Frame-Options: DENY
X-XSS-Protection: 1; mode=block
X-Content-Type-Options: nosniff
X-Clacks-Overhead: GNU Terry Pratchett
content-length: 15
Content-Type: application/json; charset=UTF-8

{
    "status": "33"
}
progresso : [33%] 
Request method:	GET
Request URI:	http://localhost:8166/JSON/ascan/view/status/?scanId=0
Proxy:			<none>
Request params:	<none>
Query params:	scanId=0
Form params:	<none>
Path params:	<none>
Headers:		Accept=*/*
Cookies:		<none>
Multiparts:		<none>
Body:			<none>
HTTP/1.1 200 OK
Pragma: no-cache
Cache-Control: no-cache, no-store, must-revalidate
Content-Security-Policy: default-src 'none'; script-src 'self'; connect-src 'self'; child-src 'self'; img-src 'self' data:; font-src 'self' data:; style-src 'self'
Referrer-Policy: no-referrer
Access-Control-Allow-Methods: GET,POST,OPTIONS
Access-Control-Allow-Headers: ZAP-Header
X-Frame-Options: DENY
X-XSS-Protection: 1; mode=block
X-Content-Type-Options: nosniff
X-Clacks-Overhead: GNU Terry Pratchett
content-length: 15
Content-Type: application/json; charset=UTF-8

{
    "status": "34"
}
progresso : [34%] 
Request method:	GET
Request URI:	http://localhost:8166/JSON/ascan/view/status/?scanId=0
Proxy:			<none>
Request params:	<none>
Query params:	scanId=0
Form params:	<none>
Path params:	<none>
Headers:		Accept=*/*
Cookies:		<none>
Multiparts:		<none>
Body:			<none>
HTTP/1.1 200 OK
Pragma: no-cache
Cache-Control: no-cache, no-store, must-revalidate
Content-Security-Policy: default-src 'none'; script-src 'self'; connect-src 'self'; child-src 'self'; img-src 'self' data:; font-src 'self' data:; style-src 'self'
Referrer-Policy: no-referrer
Access-Control-Allow-Methods: GET,POST,OPTIONS
Access-Control-Allow-Headers: ZAP-Header
X-Frame-Options: DENY
X-XSS-Protection: 1; mode=block
X-Content-Type-Options: nosniff
X-Clacks-Overhead: GNU Terry Pratchett
content-length: 15
Content-Type: application/json; charset=UTF-8

{
    "status": "36"
}
progresso : [36%] 
Request method:	GET
Request URI:	http://localhost:8166/JSON/ascan/view/status/?scanId=0
Proxy:			<none>
Request params:	<none>
Query params:	scanId=0
Form params:	<none>
Path params:	<none>
Headers:		Accept=*/*
Cookies:		<none>
Multiparts:		<none>
Body:			<none>
HTTP/1.1 200 OK
Pragma: no-cache
Cache-Control: no-cache, no-store, must-revalidate
Content-Security-Policy: default-src 'none'; script-src 'self'; connect-src 'self'; child-src 'self'; img-src 'self' data:; font-src 'self' data:; style-src 'self'
Referrer-Policy: no-referrer
Access-Control-Allow-Methods: GET,POST,OPTIONS
Access-Control-Allow-Headers: ZAP-Header
X-Frame-Options: DENY
X-XSS-Protection: 1; mode=block
X-Content-Type-Options: nosniff
X-Clacks-Overhead: GNU Terry Pratchett
content-length: 15
Content-Type: application/json; charset=UTF-8

{
    "status": "36"
}
progresso : [36%] 
Request method:	GET
Request URI:	http://localhost:8166/JSON/ascan/view/status/?scanId=0
Proxy:			<none>
Request params:	<none>
Query params:	scanId=0
Form params:	<none>
Path params:	<none>
Headers:		Accept=*/*
Cookies:		<none>
Multiparts:		<none>
Body:			<none>
HTTP/1.1 200 OK
Pragma: no-cache
Cache-Control: no-cache, no-store, must-revalidate
Content-Security-Policy: default-src 'none'; script-src 'self'; connect-src 'self'; child-src 'self'; img-src 'self' data:; font-src 'self' data:; style-src 'self'
Referrer-Policy: no-referrer
Access-Control-Allow-Methods: GET,POST,OPTIONS
Access-Control-Allow-Headers: ZAP-Header
X-Frame-Options: DENY
X-XSS-Protection: 1; mode=block
X-Content-Type-Options: nosniff
X-Clacks-Overhead: GNU Terry Pratchett
content-length: 15
Content-Type: application/json; charset=UTF-8

{
    "status": "36"
}
progresso : [36%] 
Request method:	GET
Request URI:	http://localhost:8166/JSON/ascan/view/status/?scanId=0
Proxy:			<none>
Request params:	<none>
Query params:	scanId=0
Form params:	<none>
Path params:	<none>
Headers:		Accept=*/*
Cookies:		<none>
Multiparts:		<none>
Body:			<none>
HTTP/1.1 200 OK
Pragma: no-cache
Cache-Control: no-cache, no-store, must-revalidate
Content-Security-Policy: default-src 'none'; script-src 'self'; connect-src 'self'; child-src 'self'; img-src 'self' data:; font-src 'self' data:; style-src 'self'
Referrer-Policy: no-referrer
Access-Control-Allow-Methods: GET,POST,OPTIONS
Access-Control-Allow-Headers: ZAP-Header
X-Frame-Options: DENY
X-XSS-Protection: 1; mode=block
X-Content-Type-Options: nosniff
X-Clacks-Overhead: GNU Terry Pratchett
content-length: 15
Content-Type: application/json; charset=UTF-8

{
    "status": "36"
}
progresso : [36%] 
Request method:	GET
Request URI:	http://localhost:8166/JSON/ascan/view/status/?scanId=0
Proxy:			<none>
Request params:	<none>
Query params:	scanId=0
Form params:	<none>
Path params:	<none>
Headers:		Accept=*/*
Cookies:		<none>
Multiparts:		<none>
Body:			<none>
HTTP/1.1 200 OK
Pragma: no-cache
Cache-Control: no-cache, no-store, must-revalidate
Content-Security-Policy: default-src 'none'; script-src 'self'; connect-src 'self'; child-src 'self'; img-src 'self' data:; font-src 'self' data:; style-src 'self'
Referrer-Policy: no-referrer
Access-Control-Allow-Methods: GET,POST,OPTIONS
Access-Control-Allow-Headers: ZAP-Header
X-Frame-Options: DENY
X-XSS-Protection: 1; mode=block
X-Content-Type-Options: nosniff
X-Clacks-Overhead: GNU Terry Pratchett
content-length: 15
Content-Type: application/json; charset=UTF-8

{
    "status": "38"
}
progresso : [38%] 
Request method:	GET
Request URI:	http://localhost:8166/JSON/ascan/view/status/?scanId=0
Proxy:			<none>
Request params:	<none>
Query params:	scanId=0
Form params:	<none>
Path params:	<none>
Headers:		Accept=*/*
Cookies:		<none>
Multiparts:		<none>
Body:			<none>
HTTP/1.1 200 OK
Pragma: no-cache
Cache-Control: no-cache, no-store, must-revalidate
Content-Security-Policy: default-src 'none'; script-src 'self'; connect-src 'self'; child-src 'self'; img-src 'self' data:; font-src 'self' data:; style-src 'self'
Referrer-Policy: no-referrer
Access-Control-Allow-Methods: GET,POST,OPTIONS
Access-Control-Allow-Headers: ZAP-Header
X-Frame-Options: DENY
X-XSS-Protection: 1; mode=block
X-Content-Type-Options: nosniff
X-Clacks-Overhead: GNU Terry Pratchett
content-length: 15
Content-Type: application/json; charset=UTF-8

{
    "status": "38"
}
progresso : [38%] 
Request method:	GET
Request URI:	http://localhost:8166/JSON/ascan/view/status/?scanId=0
Proxy:			<none>
Request params:	<none>
Query params:	scanId=0
Form params:	<none>
Path params:	<none>
Headers:		Accept=*/*
Cookies:		<none>
Multiparts:		<none>
Body:			<none>
HTTP/1.1 200 OK
Pragma: no-cache
Cache-Control: no-cache, no-store, must-revalidate
Content-Security-Policy: default-src 'none'; script-src 'self'; connect-src 'self'; child-src 'self'; img-src 'self' data:; font-src 'self' data:; style-src 'self'
Referrer-Policy: no-referrer
Access-Control-Allow-Methods: GET,POST,OPTIONS
Access-Control-Allow-Headers: ZAP-Header
X-Frame-Options: DENY
X-XSS-Protection: 1; mode=block
X-Content-Type-Options: nosniff
X-Clacks-Overhead: GNU Terry Pratchett
content-length: 15
Content-Type: application/json; charset=UTF-8

{
    "status": "38"
}
progresso : [38%] 
Request method:	GET
Request URI:	http://localhost:8166/JSON/ascan/view/status/?scanId=0
Proxy:			<none>
Request params:	<none>
Query params:	scanId=0
Form params:	<none>
Path params:	<none>
Headers:		Accept=*/*
Cookies:		<none>
Multiparts:		<none>
Body:			<none>
HTTP/1.1 200 OK
Pragma: no-cache
Cache-Control: no-cache, no-store, must-revalidate
Content-Security-Policy: default-src 'none'; script-src 'self'; connect-src 'self'; child-src 'self'; img-src 'self' data:; font-src 'self' data:; style-src 'self'
Referrer-Policy: no-referrer
Access-Control-Allow-Methods: GET,POST,OPTIONS
Access-Control-Allow-Headers: ZAP-Header
X-Frame-Options: DENY
X-XSS-Protection: 1; mode=block
X-Content-Type-Options: nosniff
X-Clacks-Overhead: GNU Terry Pratchett
content-length: 15
Content-Type: application/json; charset=UTF-8

{
    "status": "38"
}
progresso : [38%] 
Request method:	GET
Request URI:	http://localhost:8166/JSON/ascan/view/status/?scanId=0
Proxy:			<none>
Request params:	<none>
Query params:	scanId=0
Form params:	<none>
Path params:	<none>
Headers:		Accept=*/*
Cookies:		<none>
Multiparts:		<none>
Body:			<none>
HTTP/1.1 200 OK
Pragma: no-cache
Cache-Control: no-cache, no-store, must-revalidate
Content-Security-Policy: default-src 'none'; script-src 'self'; connect-src 'self'; child-src 'self'; img-src 'self' data:; font-src 'self' data:; style-src 'self'
Referrer-Policy: no-referrer
Access-Control-Allow-Methods: GET,POST,OPTIONS
Access-Control-Allow-Headers: ZAP-Header
X-Frame-Options: DENY
X-XSS-Protection: 1; mode=block
X-Content-Type-Options: nosniff
X-Clacks-Overhead: GNU Terry Pratchett
content-length: 15
Content-Type: application/json; charset=UTF-8

{
    "status": "38"
}
progresso : [38%] 
Request method:	GET
Request URI:	http://localhost:8166/JSON/ascan/view/status/?scanId=0
Proxy:			<none>
Request params:	<none>
Query params:	scanId=0
Form params:	<none>
Path params:	<none>
Headers:		Accept=*/*
Cookies:		<none>
Multiparts:		<none>
Body:			<none>
HTTP/1.1 200 OK
Pragma: no-cache
Cache-Control: no-cache, no-store, must-revalidate
Content-Security-Policy: default-src 'none'; script-src 'self'; connect-src 'self'; child-src 'self'; img-src 'self' data:; font-src 'self' data:; style-src 'self'
Referrer-Policy: no-referrer
Access-Control-Allow-Methods: GET,POST,OPTIONS
Access-Control-Allow-Headers: ZAP-Header
X-Frame-Options: DENY
X-XSS-Protection: 1; mode=block
X-Content-Type-Options: nosniff
X-Clacks-Overhead: GNU Terry Pratchett
content-length: 15
Content-Type: application/json; charset=UTF-8

{
    "status": "41"
}
progresso : [41%] 
Request method:	GET
Request URI:	http://localhost:8166/JSON/ascan/view/status/?scanId=0
Proxy:			<none>
Request params:	<none>
Query params:	scanId=0
Form params:	<none>
Path params:	<none>
Headers:		Accept=*/*
Cookies:		<none>
Multiparts:		<none>
Body:			<none>
HTTP/1.1 200 OK
Pragma: no-cache
Cache-Control: no-cache, no-store, must-revalidate
Content-Security-Policy: default-src 'none'; script-src 'self'; connect-src 'self'; child-src 'self'; img-src 'self' data:; font-src 'self' data:; style-src 'self'
Referrer-Policy: no-referrer
Access-Control-Allow-Methods: GET,POST,OPTIONS
Access-Control-Allow-Headers: ZAP-Header
X-Frame-Options: DENY
X-XSS-Protection: 1; mode=block
X-Content-Type-Options: nosniff
X-Clacks-Overhead: GNU Terry Pratchett
content-length: 15
Content-Type: application/json; charset=UTF-8

{
    "status": "42"
}
progresso : [42%] 
Request method:	GET
Request URI:	http://localhost:8166/JSON/ascan/view/status/?scanId=0
Proxy:			<none>
Request params:	<none>
Query params:	scanId=0
Form params:	<none>
Path params:	<none>
Headers:		Accept=*/*
Cookies:		<none>
Multiparts:		<none>
Body:			<none>
HTTP/1.1 200 OK
Pragma: no-cache
Cache-Control: no-cache, no-store, must-revalidate
Content-Security-Policy: default-src 'none'; script-src 'self'; connect-src 'self'; child-src 'self'; img-src 'self' data:; font-src 'self' data:; style-src 'self'
Referrer-Policy: no-referrer
Access-Control-Allow-Methods: GET,POST,OPTIONS
Access-Control-Allow-Headers: ZAP-Header
X-Frame-Options: DENY
X-XSS-Protection: 1; mode=block
X-Content-Type-Options: nosniff
X-Clacks-Overhead: GNU Terry Pratchett
content-length: 15
Content-Type: application/json; charset=UTF-8

{
    "status": "45"
}
progresso : [45%] 
Request method:	GET
Request URI:	http://localhost:8166/JSON/ascan/view/status/?scanId=0
Proxy:			<none>
Request params:	<none>
Query params:	scanId=0
Form params:	<none>
Path params:	<none>
Headers:		Accept=*/*
Cookies:		<none>
Multiparts:		<none>
Body:			<none>
HTTP/1.1 200 OK
Pragma: no-cache
Cache-Control: no-cache, no-store, must-revalidate
Content-Security-Policy: default-src 'none'; script-src 'self'; connect-src 'self'; child-src 'self'; img-src 'self' data:; font-src 'self' data:; style-src 'self'
Referrer-Policy: no-referrer
Access-Control-Allow-Methods: GET,POST,OPTIONS
Access-Control-Allow-Headers: ZAP-Header
X-Frame-Options: DENY
X-XSS-Protection: 1; mode=block
X-Content-Type-Options: nosniff
X-Clacks-Overhead: GNU Terry Pratchett
content-length: 15
Content-Type: application/json; charset=UTF-8

{
    "status": "46"
}
progresso : [46%] 
Request method:	GET
Request URI:	http://localhost:8166/JSON/ascan/view/status/?scanId=0
Proxy:			<none>
Request params:	<none>
Query params:	scanId=0
Form params:	<none>
Path params:	<none>
Headers:		Accept=*/*
Cookies:		<none>
Multiparts:		<none>
Body:			<none>
HTTP/1.1 200 OK
Pragma: no-cache
Cache-Control: no-cache, no-store, must-revalidate
Content-Security-Policy: default-src 'none'; script-src 'self'; connect-src 'self'; child-src 'self'; img-src 'self' data:; font-src 'self' data:; style-src 'self'
Referrer-Policy: no-referrer
Access-Control-Allow-Methods: GET,POST,OPTIONS
Access-Control-Allow-Headers: ZAP-Header
X-Frame-Options: DENY
X-XSS-Protection: 1; mode=block
X-Content-Type-Options: nosniff
X-Clacks-Overhead: GNU Terry Pratchett
content-length: 15
Content-Type: application/json; charset=UTF-8

{
    "status": "46"
}
progresso : [46%] 
Request method:	GET
Request URI:	http://localhost:8166/JSON/ascan/view/status/?scanId=0
Proxy:			<none>
Request params:	<none>
Query params:	scanId=0
Form params:	<none>
Path params:	<none>
Headers:		Accept=*/*
Cookies:		<none>
Multiparts:		<none>
Body:			<none>
HTTP/1.1 200 OK
Pragma: no-cache
Cache-Control: no-cache, no-store, must-revalidate
Content-Security-Policy: default-src 'none'; script-src 'self'; connect-src 'self'; child-src 'self'; img-src 'self' data:; font-src 'self' data:; style-src 'self'
Referrer-Policy: no-referrer
Access-Control-Allow-Methods: GET,POST,OPTIONS
Access-Control-Allow-Headers: ZAP-Header
X-Frame-Options: DENY
X-XSS-Protection: 1; mode=block
X-Content-Type-Options: nosniff
X-Clacks-Overhead: GNU Terry Pratchett
content-length: 15
Content-Type: application/json; charset=UTF-8

{
    "status": "46"
}
progresso : [46%] 
Request method:	GET
Request URI:	http://localhost:8166/JSON/ascan/view/status/?scanId=0
Proxy:			<none>
Request params:	<none>
Query params:	scanId=0
Form params:	<none>
Path params:	<none>
Headers:		Accept=*/*
Cookies:		<none>
Multiparts:		<none>
Body:			<none>
HTTP/1.1 200 OK
Pragma: no-cache
Cache-Control: no-cache, no-store, must-revalidate
Content-Security-Policy: default-src 'none'; script-src 'self'; connect-src 'self'; child-src 'self'; img-src 'self' data:; font-src 'self' data:; style-src 'self'
Referrer-Policy: no-referrer
Access-Control-Allow-Methods: GET,POST,OPTIONS
Access-Control-Allow-Headers: ZAP-Header
X-Frame-Options: DENY
X-XSS-Protection: 1; mode=block
X-Content-Type-Options: nosniff
X-Clacks-Overhead: GNU Terry Pratchett
content-length: 15
Content-Type: application/json; charset=UTF-8

{
    "status": "47"
}
progresso : [47%] 
Request method:	GET
Request URI:	http://localhost:8166/JSON/ascan/view/status/?scanId=0
Proxy:			<none>
Request params:	<none>
Query params:	scanId=0
Form params:	<none>
Path params:	<none>
Headers:		Accept=*/*
Cookies:		<none>
Multiparts:		<none>
Body:			<none>
HTTP/1.1 200 OK
Pragma: no-cache
Cache-Control: no-cache, no-store, must-revalidate
Content-Security-Policy: default-src 'none'; script-src 'self'; connect-src 'self'; child-src 'self'; img-src 'self' data:; font-src 'self' data:; style-src 'self'
Referrer-Policy: no-referrer
Access-Control-Allow-Methods: GET,POST,OPTIONS
Access-Control-Allow-Headers: ZAP-Header
X-Frame-Options: DENY
X-XSS-Protection: 1; mode=block
X-Content-Type-Options: nosniff
X-Clacks-Overhead: GNU Terry Pratchett
content-length: 15
Content-Type: application/json; charset=UTF-8

{
    "status": "48"
}
progresso : [48%] 
Request method:	GET
Request URI:	http://localhost:8166/JSON/ascan/view/status/?scanId=0
Proxy:			<none>
Request params:	<none>
Query params:	scanId=0
Form params:	<none>
Path params:	<none>
Headers:		Accept=*/*
Cookies:		<none>
Multiparts:		<none>
Body:			<none>
HTTP/1.1 200 OK
Pragma: no-cache
Cache-Control: no-cache, no-store, must-revalidate
Content-Security-Policy: default-src 'none'; script-src 'self'; connect-src 'self'; child-src 'self'; img-src 'self' data:; font-src 'self' data:; style-src 'self'
Referrer-Policy: no-referrer
Access-Control-Allow-Methods: GET,POST,OPTIONS
Access-Control-Allow-Headers: ZAP-Header
X-Frame-Options: DENY
X-XSS-Protection: 1; mode=block
X-Content-Type-Options: nosniff
X-Clacks-Overhead: GNU Terry Pratchett
content-length: 15
Content-Type: application/json; charset=UTF-8

{
    "status": "48"
}
progresso : [48%] 
Request method:	GET
Request URI:	http://localhost:8166/JSON/ascan/view/status/?scanId=0
Proxy:			<none>
Request params:	<none>
Query params:	scanId=0
Form params:	<none>
Path params:	<none>
Headers:		Accept=*/*
Cookies:		<none>
Multiparts:		<none>
Body:			<none>
HTTP/1.1 200 OK
Pragma: no-cache
Cache-Control: no-cache, no-store, must-revalidate
Content-Security-Policy: default-src 'none'; script-src 'self'; connect-src 'self'; child-src 'self'; img-src 'self' data:; font-src 'self' data:; style-src 'self'
Referrer-Policy: no-referrer
Access-Control-Allow-Methods: GET,POST,OPTIONS
Access-Control-Allow-Headers: ZAP-Header
X-Frame-Options: DENY
X-XSS-Protection: 1; mode=block
X-Content-Type-Options: nosniff
X-Clacks-Overhead: GNU Terry Pratchett
content-length: 15
Content-Type: application/json; charset=UTF-8

{
    "status": "48"
}
progresso : [48%] 
Request method:	GET
Request URI:	http://localhost:8166/JSON/ascan/view/status/?scanId=0
Proxy:			<none>
Request params:	<none>
Query params:	scanId=0
Form params:	<none>
Path params:	<none>
Headers:		Accept=*/*
Cookies:		<none>
Multiparts:		<none>
Body:			<none>
HTTP/1.1 200 OK
Pragma: no-cache
Cache-Control: no-cache, no-store, must-revalidate
Content-Security-Policy: default-src 'none'; script-src 'self'; connect-src 'self'; child-src 'self'; img-src 'self' data:; font-src 'self' data:; style-src 'self'
Referrer-Policy: no-referrer
Access-Control-Allow-Methods: GET,POST,OPTIONS
Access-Control-Allow-Headers: ZAP-Header
X-Frame-Options: DENY
X-XSS-Protection: 1; mode=block
X-Content-Type-Options: nosniff
X-Clacks-Overhead: GNU Terry Pratchett
content-length: 15
Content-Type: application/json; charset=UTF-8

{
    "status": "48"
}
progresso : [48%] 
Request method:	GET
Request URI:	http://localhost:8166/JSON/ascan/view/status/?scanId=0
Proxy:			<none>
Request params:	<none>
Query params:	scanId=0
Form params:	<none>
Path params:	<none>
Headers:		Accept=*/*
Cookies:		<none>
Multiparts:		<none>
Body:			<none>
HTTP/1.1 200 OK
Pragma: no-cache
Cache-Control: no-cache, no-store, must-revalidate
Content-Security-Policy: default-src 'none'; script-src 'self'; connect-src 'self'; child-src 'self'; img-src 'self' data:; font-src 'self' data:; style-src 'self'
Referrer-Policy: no-referrer
Access-Control-Allow-Methods: GET,POST,OPTIONS
Access-Control-Allow-Headers: ZAP-Header
X-Frame-Options: DENY
X-XSS-Protection: 1; mode=block
X-Content-Type-Options: nosniff
X-Clacks-Overhead: GNU Terry Pratchett
content-length: 15
Content-Type: application/json; charset=UTF-8

{
    "status": "49"
}
progresso : [49%] 
Request method:	GET
Request URI:	http://localhost:8166/JSON/ascan/view/status/?scanId=0
Proxy:			<none>
Request params:	<none>
Query params:	scanId=0
Form params:	<none>
Path params:	<none>
Headers:		Accept=*/*
Cookies:		<none>
Multiparts:		<none>
Body:			<none>
HTTP/1.1 200 OK
Pragma: no-cache
Cache-Control: no-cache, no-store, must-revalidate
Content-Security-Policy: default-src 'none'; script-src 'self'; connect-src 'self'; child-src 'self'; img-src 'self' data:; font-src 'self' data:; style-src 'self'
Referrer-Policy: no-referrer
Access-Control-Allow-Methods: GET,POST,OPTIONS
Access-Control-Allow-Headers: ZAP-Header
X-Frame-Options: DENY
X-XSS-Protection: 1; mode=block
X-Content-Type-Options: nosniff
X-Clacks-Overhead: GNU Terry Pratchett
content-length: 15
Content-Type: application/json; charset=UTF-8

{
    "status": "51"
}
progresso : [51%] 
Request method:	GET
Request URI:	http://localhost:8166/JSON/ascan/view/status/?scanId=0
Proxy:			<none>
Request params:	<none>
Query params:	scanId=0
Form params:	<none>
Path params:	<none>
Headers:		Accept=*/*
Cookies:		<none>
Multiparts:		<none>
Body:			<none>
HTTP/1.1 200 OK
Pragma: no-cache
Cache-Control: no-cache, no-store, must-revalidate
Content-Security-Policy: default-src 'none'; script-src 'self'; connect-src 'self'; child-src 'self'; img-src 'self' data:; font-src 'self' data:; style-src 'self'
Referrer-Policy: no-referrer
Access-Control-Allow-Methods: GET,POST,OPTIONS
Access-Control-Allow-Headers: ZAP-Header
X-Frame-Options: DENY
X-XSS-Protection: 1; mode=block
X-Content-Type-Options: nosniff
X-Clacks-Overhead: GNU Terry Pratchett
content-length: 15
Content-Type: application/json; charset=UTF-8

{
    "status": "51"
}
progresso : [51%] 
Request method:	GET
Request URI:	http://localhost:8166/JSON/ascan/view/status/?scanId=0
Proxy:			<none>
Request params:	<none>
Query params:	scanId=0
Form params:	<none>
Path params:	<none>
Headers:		Accept=*/*
Cookies:		<none>
Multiparts:		<none>
Body:			<none>
HTTP/1.1 200 OK
Pragma: no-cache
Cache-Control: no-cache, no-store, must-revalidate
Content-Security-Policy: default-src 'none'; script-src 'self'; connect-src 'self'; child-src 'self'; img-src 'self' data:; font-src 'self' data:; style-src 'self'
Referrer-Policy: no-referrer
Access-Control-Allow-Methods: GET,POST,OPTIONS
Access-Control-Allow-Headers: ZAP-Header
X-Frame-Options: DENY
X-XSS-Protection: 1; mode=block
X-Content-Type-Options: nosniff
X-Clacks-Overhead: GNU Terry Pratchett
content-length: 15
Content-Type: application/json; charset=UTF-8

{
    "status": "51"
}
progresso : [51%] 
Request method:	GET
Request URI:	http://localhost:8166/JSON/ascan/view/status/?scanId=0
Proxy:			<none>
Request params:	<none>
Query params:	scanId=0
Form params:	<none>
Path params:	<none>
Headers:		Accept=*/*
Cookies:		<none>
Multiparts:		<none>
Body:			<none>
HTTP/1.1 200 OK
Pragma: no-cache
Cache-Control: no-cache, no-store, must-revalidate
Content-Security-Policy: default-src 'none'; script-src 'self'; connect-src 'self'; child-src 'self'; img-src 'self' data:; font-src 'self' data:; style-src 'self'
Referrer-Policy: no-referrer
Access-Control-Allow-Methods: GET,POST,OPTIONS
Access-Control-Allow-Headers: ZAP-Header
X-Frame-Options: DENY
X-XSS-Protection: 1; mode=block
X-Content-Type-Options: nosniff
X-Clacks-Overhead: GNU Terry Pratchett
content-length: 15
Content-Type: application/json; charset=UTF-8

{
    "status": "51"
}
progresso : [51%] 
Request method:	GET
Request URI:	http://localhost:8166/JSON/ascan/view/status/?scanId=0
Proxy:			<none>
Request params:	<none>
Query params:	scanId=0
Form params:	<none>
Path params:	<none>
Headers:		Accept=*/*
Cookies:		<none>
Multiparts:		<none>
Body:			<none>
HTTP/1.1 200 OK
Pragma: no-cache
Cache-Control: no-cache, no-store, must-revalidate
Content-Security-Policy: default-src 'none'; script-src 'self'; connect-src 'self'; child-src 'self'; img-src 'self' data:; font-src 'self' data:; style-src 'self'
Referrer-Policy: no-referrer
Access-Control-Allow-Methods: GET,POST,OPTIONS
Access-Control-Allow-Headers: ZAP-Header
X-Frame-Options: DENY
X-XSS-Protection: 1; mode=block
X-Content-Type-Options: nosniff
X-Clacks-Overhead: GNU Terry Pratchett
content-length: 15
Content-Type: application/json; charset=UTF-8

{
    "status": "51"
}
progresso : [51%] 
Request method:	GET
Request URI:	http://localhost:8166/JSON/ascan/view/status/?scanId=0
Proxy:			<none>
Request params:	<none>
Query params:	scanId=0
Form params:	<none>
Path params:	<none>
Headers:		Accept=*/*
Cookies:		<none>
Multiparts:		<none>
Body:			<none>
HTTP/1.1 200 OK
Pragma: no-cache
Cache-Control: no-cache, no-store, must-revalidate
Content-Security-Policy: default-src 'none'; script-src 'self'; connect-src 'self'; child-src 'self'; img-src 'self' data:; font-src 'self' data:; style-src 'self'
Referrer-Policy: no-referrer
Access-Control-Allow-Methods: GET,POST,OPTIONS
Access-Control-Allow-Headers: ZAP-Header
X-Frame-Options: DENY
X-XSS-Protection: 1; mode=block
X-Content-Type-Options: nosniff
X-Clacks-Overhead: GNU Terry Pratchett
content-length: 15
Content-Type: application/json; charset=UTF-8

{
    "status": "51"
}
progresso : [51%] 
Request method:	GET
Request URI:	http://localhost:8166/JSON/ascan/view/status/?scanId=0
Proxy:			<none>
Request params:	<none>
Query params:	scanId=0
Form params:	<none>
Path params:	<none>
Headers:		Accept=*/*
Cookies:		<none>
Multiparts:		<none>
Body:			<none>
HTTP/1.1 200 OK
Pragma: no-cache
Cache-Control: no-cache, no-store, must-revalidate
Content-Security-Policy: default-src 'none'; script-src 'self'; connect-src 'self'; child-src 'self'; img-src 'self' data:; font-src 'self' data:; style-src 'self'
Referrer-Policy: no-referrer
Access-Control-Allow-Methods: GET,POST,OPTIONS
Access-Control-Allow-Headers: ZAP-Header
X-Frame-Options: DENY
X-XSS-Protection: 1; mode=block
X-Content-Type-Options: nosniff
X-Clacks-Overhead: GNU Terry Pratchett
content-length: 15
Content-Type: application/json; charset=UTF-8

{
    "status": "51"
}
progresso : [51%] 
Request method:	GET
Request URI:	http://localhost:8166/JSON/ascan/view/status/?scanId=0
Proxy:			<none>
Request params:	<none>
Query params:	scanId=0
Form params:	<none>
Path params:	<none>
Headers:		Accept=*/*
Cookies:		<none>
Multiparts:		<none>
Body:			<none>
HTTP/1.1 200 OK
Pragma: no-cache
Cache-Control: no-cache, no-store, must-revalidate
Content-Security-Policy: default-src 'none'; script-src 'self'; connect-src 'self'; child-src 'self'; img-src 'self' data:; font-src 'self' data:; style-src 'self'
Referrer-Policy: no-referrer
Access-Control-Allow-Methods: GET,POST,OPTIONS
Access-Control-Allow-Headers: ZAP-Header
X-Frame-Options: DENY
X-XSS-Protection: 1; mode=block
X-Content-Type-Options: nosniff
X-Clacks-Overhead: GNU Terry Pratchett
content-length: 15
Content-Type: application/json; charset=UTF-8

{
    "status": "51"
}
progresso : [51%] 
Request method:	GET
Request URI:	http://localhost:8166/JSON/ascan/view/status/?scanId=0
Proxy:			<none>
Request params:	<none>
Query params:	scanId=0
Form params:	<none>
Path params:	<none>
Headers:		Accept=*/*
Cookies:		<none>
Multiparts:		<none>
Body:			<none>
HTTP/1.1 200 OK
Pragma: no-cache
Cache-Control: no-cache, no-store, must-revalidate
[...]
      <tr>
        <td colspan="1" rowspan="1" class="indent2" width="20%">Método</td>
        <td colspan="1" rowspan="1" width="80%">POST</td>
      </tr>
      <tr>
        <td colspan="1" rowspan="1" class="indent2" width="20%">Parámetros</td>
        <td colspan="1" rowspan="1" width="80%">Header User-Agent</td>
      </tr>
      <tr>
        <td colspan="1" rowspan="1" class="indent2" width="20%">Ataque</td>
        <td colspan="1" rowspan="1" width="80%">Mozilla/5.0 (iPhone; CPU iPhone OS 8_0_2 like Mac OS X) AppleWebKit/600.1.4 (KHTML, like Gecko) Version/8.0 Mobile/12A366 Safari/600.1.4</td>
      </tr>
      <tr>
        <td colspan="1" rowspan="1" class="indent2" width="20%">Evidencia</td>
        <td colspan="1" rowspan="1" width="80%"/>
      </tr>
      <tr>
        <td colspan="1" rowspan="1" class="indent2" width="20%">Other Info</td>
        <td colspan="1" rowspan="1" width="80%"/>
      </tr>
      <tr>
        <td colspan="1" rowspan="1" class="indent1" width="20%">URL</td>
        <td colspan="1" rowspan="1" width="80%">
          <a shape="rect" href="https://juice-shop.herokuapp.com/api/Users/">https://juice-shop.herokuapp.com/api/Users/</a>
        </td>
      </tr>
      <tr>
        <td colspan="1" rowspan="1" class="indent2" width="20%">Método</td>
        <td colspan="1" rowspan="1" width="80%">POST</td>
      </tr>
      <tr>
        <td colspan="1" rowspan="1" class="indent2" width="20%">Parámetros</td>
        <td colspan="1" rowspan="1" width="80%">Header User-Agent</td>
      </tr>
      <tr>
        <td colspan="1" rowspan="1" class="indent2" width="20%">Ataque</td>
        <td colspan="1" rowspan="1" width="80%">Mozilla/5.0 (iPhone; U; CPU iPhone OS 3_0 like Mac OS X; en-us) AppleWebKit/528.18 (KHTML, like Gecko) Version/4.0 Mobile/7A341 Safari/528.16</td>
      </tr>
      <tr>
        <td colspan="1" rowspan="1" class="indent2" width="20%">Evidencia</td>
        <td colspan="1" rowspan="1" width="80%"/>
      </tr>
      <tr>
        <td colspan="1" rowspan="1" class="indent2" width="20%">Other Info</td>
        <td colspan="1" rowspan="1" width="80%"/>
      </tr>
      <tr>
        <td colspan="1" rowspan="1" class="indent1" width="20%">URL</td>
        <td colspan="1" rowspan="1" width="80%">
          <a shape="rect" href="https://juice-shop.herokuapp.com/api/Users/">https://juice-shop.herokuapp.com/api/Users/</a>
        </td>
      </tr>
      <tr>
        <td colspan="1" rowspan="1" class="indent2" width="20%">Método</td>
        <td colspan="1" rowspan="1" width="80%">POST</td>
      </tr>
      <tr>
        <td colspan="1" rowspan="1" class="indent2" width="20%">Parámetros</td>
        <td colspan="1" rowspan="1" width="80%">Header User-Agent</td>
      </tr>
      <tr>
        <td colspan="1" rowspan="1" class="indent2" width="20%">Ataque</td>
        <td colspan="1" rowspan="1" width="80%">msnbot/1.1 (+http://search.msn.com/msnbot.htm)</td>
      </tr>
      <tr>
        <td colspan="1" rowspan="1" class="indent2" width="20%">Evidencia</td>
        <td colspan="1" rowspan="1" width="80%"/>
      </tr>
      <tr>
        <td colspan="1" rowspan="1" class="indent2" width="20%">Other Info</td>
        <td colspan="1" rowspan="1" width="80%"/>
      </tr>
      <tr>
        <td colspan="1" rowspan="1" class="indent1" width="20%">URL</td>
        <td colspan="1" rowspan="1" width="80%">
          <a shape="rect" href="https://juice-shop.herokuapp.com/socket.io/?EIO=4&amp;transport=polling&amp;t=OlGnyCj&amp;sid=oXBzVbO52_EmBjGYAAOz">https://juice-shop.herokuapp.com/socket.io/?EIO=4&amp;transport=polling&amp;t=OlGnyCj&amp;sid=oXBzVbO52_EmBjGYAAOz</a>
        </td>
      </tr>
      <tr>
        <td colspan="1" rowspan="1" class="indent2" width="20%">Método</td>
        <td colspan="1" rowspan="1" width="80%">POST</td>
      </tr>
      <tr>
        <td colspan="1" rowspan="1" class="indent2" width="20%">Parámetros</td>
        <td colspan="1" rowspan="1" width="80%">Header User-Agent</td>
      </tr>
      <tr>
        <td colspan="1" rowspan="1" class="indent2" width="20%">Ataque</td>
        <td colspan="1" rowspan="1" width="80%">Mozilla/4.0 (compatible; MSIE 6.0; Windows NT 5.1)</td>
      </tr>
      <tr>
        <td colspan="1" rowspan="1" class="indent2" width="20%">Evidencia</td>
        <td colspan="1" rowspan="1" width="80%"/>
      </tr>
      <tr>
        <td colspan="1" rowspan="1" class="indent2" width="20%">Other Info</td>
        <td colspan="1" rowspan="1" width="80%"/>
      </tr>
      <tr>
        <td colspan="1" rowspan="1" class="indent1" width="20%">URL</td>
        <td colspan="1" rowspan="1" width="80%">
          <a shape="rect" href="https://juice-shop.herokuapp.com/socket.io/?EIO=4&amp;transport=polling&amp;t=OlGnyCj&amp;sid=oXBzVbO52_EmBjGYAAOz">https://juice-shop.herokuapp.com/socket.io/?EIO=4&amp;transport=polling&amp;t=OlGnyCj&amp;sid=oXBzVbO52_EmBjGYAAOz</a>
        </td>
      </tr>
      <tr>
        <td colspan="1" rowspan="1" class="indent2" width="20%">Método</td>
        <td colspan="1" rowspan="1" width="80%">POST</td>
      </tr>
      <tr>
        <td colspan="1" rowspan="1" class="indent2" width="20%">Parámetros</td>
        <td colspan="1" rowspan="1" width="80%">Header User-Agent</td>
      </tr>
      <tr>
        <td colspan="1" rowspan="1" class="indent2" width="20%">Ataque</td>
        <td colspan="1" rowspan="1" width="80%">Mozilla/4.0 (compatible; MSIE 7.0; Windows NT 6.0)</td>
      </tr>
      <tr>
        <td colspan="1" rowspan="1" class="indent2" width="20%">Evidencia</td>
        <td colspan="1" rowspan="1" width="80%"/>
      </tr>
      <tr>
        <td colspan="1" rowspan="1" class="indent2" width="20%">Other Info</td>
        <td colspan="1" rowspan="1" width="80%"/>
      </tr>
      <tr>
        <td colspan="1" rowspan="1" class="indent1" width="20%">URL</td>
        <td colspan="1" rowspan="1" width="80%">
          <a shape="rect" href="https://juice-shop.herokuapp.com/socket.io/?EIO=4&amp;transport=polling&amp;t=OlGnyCj&amp;sid=oXBzVbO52_EmBjGYAAOz">https://juice-shop.herokuapp.com/socket.io/?EIO=4&amp;transport=polling&amp;t=OlGnyCj&amp;sid=oXBzVbO52_EmBjGYAAOz</a>
        </td>
      </tr>
      <tr>
        <td colspan="1" rowspan="1" class="indent2" width="20%">Método</td>
        <td colspan="1" rowspan="1" width="80%">POST</td>
      </tr>
      <tr>
        <td colspan="1" rowspan="1" class="indent2" width="20%">Parámetros</td>
        <td colspan="1" rowspan="1" width="80%">Header User-Agent</td>
      </tr>
      <tr>
        <td colspan="1" rowspan="1" class="indent2" width="20%">Ataque</td>
        <td colspan="1" rowspan="1" width="80%">Mozilla/4.0 (compatible; MSIE 8.0; Windows NT 6.1)</td>
      </tr>
      <tr>
        <td colspan="1" rowspan="1" class="indent2" width="20%">Evidencia</td>
        <td colspan="1" rowspan="1" width="80%"/>
      </tr>
      <tr>
        <td colspan="1" rowspan="1" class="indent2" width="20%">Other Info</td>
        <td colspan="1" rowspan="1" width="80%"/>
      </tr>
      <tr>
        <td colspan="1" rowspan="1" class="indent1" width="20%">URL</td>
        <td colspan="1" rowspan="1" width="80%">
          <a shape="rect" href="https://juice-shop.herokuapp.com/socket.io/?EIO=4&amp;transport=polling&amp;t=OlGnyCj&amp;sid=oXBzVbO52_EmBjGYAAOz">https://juice-shop.herokuapp.com/socket.io/?EIO=4&amp;transport=polling&amp;t=OlGnyCj&amp;sid=oXBzVbO52_EmBjGYAAOz</a>
        </td>
      </tr>
      <tr>
        <td colspan="1" rowspan="1" class="indent2" width="20%">Método</td>
        <td colspan="1" rowspan="1" width="80%">POST</td>
      </tr>
      <tr>
        <td colspan="1" rowspan="1" class="indent2" width="20%">Parámetros</td>
        <td colspan="1" rowspan="1" width="80%">Header User-Agent</td>
      </tr>
      <tr>
        <td colspan="1" rowspan="1" class="indent2" width="20%">Ataque</td>
        <td colspan="1" rowspan="1" width="80%">Mozilla/5.0 (Windows NT 10.0; Trident/7.0; rv:11.0) like Gecko</td>
      </tr>
      <tr>
        <td colspan="1" rowspan="1" class="indent2" width="20%">Evidencia</td>
        <td colspan="1" rowspan="1" width="80%"/>
      </tr>
      <tr>
        <td colspan="1" rowspan="1" class="indent2" width="20%">Other Info</td>
        <td colspan="1" rowspan="1" width="80%"/>
      </tr>
      <tr>
        <td colspan="1" rowspan="1" class="indent1" width="20%">URL</td>
        <td colspan="1" rowspan="1" width="80%">
          <a shape="rect" href="https://juice-shop.herokuapp.com/socket.io/?EIO=4&amp;transport=polling&amp;t=OlGnyCj&amp;sid=oXBzVbO52_EmBjGYAAOz">https://juice-shop.herokuapp.com/socket.io/?EIO=4&amp;transport=polling&amp;t=OlGnyCj&amp;sid=oXBzVbO52_EmBjGYAAOz</a>
        </td>
      </tr>
      <tr>
        <td colspan="1" rowspan="1" class="indent2" width="20%">Método</td>
        <td colspan="1" rowspan="1" width="80%">POST</td>
      </tr>
      <tr>
        <td colspan="1" rowspan="1" class="indent2" width="20%">Parámetros</td>
        <td colspan="1" rowspan="1" width="80%">Header User-Agent</td>
      </tr>
      <tr>
        <td colspan="1" rowspan="1" class="indent2" width="20%">Ataque</td>
        <td colspan="1" rowspan="1" width="80%">Mozilla/5.0 (Windows NT 10.0; Win64; x64) AppleWebKit/537.36 (KHTML, like Gecko) Chrome/75.0.3739.0 Safari/537.36 Edg/75.0.109.0</td>
      </tr>
      <tr>
        <td colspan="1" rowspan="1" class="indent2" width="20%">Evidencia</td>
        <td colspan="1" rowspan="1" width="80%"/>
      </tr>
      <tr>
        <td colspan="1" rowspan="1" class="indent2" width="20%">Other Info</td>
        <td colspan="1" rowspan="1" width="80%"/>
      </tr>
      <tr>
        <td colspan="1" rowspan="1" class="indent1" width="20%">URL</td>
        <td colspan="1" rowspan="1" width="80%">
          <a shape="rect" href="https://juice-shop.herokuapp.com/socket.io/?EIO=4&amp;transport=polling&amp;t=OlGnyCj&amp;sid=oXBzVbO52_EmBjGYAAOz">https://juice-shop.herokuapp.com/socket.io/?EIO=4&amp;transport=polling&amp;t=OlGnyCj&amp;sid=oXBzVbO52_EmBjGYAAOz</a>
        </td>
      </tr>
      <tr>
        <td colspan="1" rowspan="1" class="indent2" width="20%">Método</td>
        <td colspan="1" rowspan="1" width="80%">POST</td>
      </tr>
      <tr>
        <td colspan="1" rowspan="1" class="indent2" width="20%">Parámetros</td>
        <td colspan="1" rowspan="1" width="80%">Header User-Agent</td>
      </tr>
      <tr>
        <td colspan="1" rowspan="1" class="indent2" width="20%">Ataque</td>
        <td colspan="1" rowspan="1" width="80%">Mozilla/5.0 (Windows NT 10.0; Win64; x64) AppleWebKit/537.36 (KHTML, like Gecko) Chrome/91.0.4472.124 Safari/537.36</td>
      </tr>
      <tr>
        <td colspan="1" rowspan="1" class="indent2" width="20%">Evidencia</td>
        <td colspan="1" rowspan="1" width="80%"/>
      </tr>
      <tr>
        <td colspan="1" rowspan="1" class="indent2" width="20%">Other Info</td>
        <td colspan="1" rowspan="1" width="80%"/>
      </tr>
      <tr>
        <td colspan="1" rowspan="1" class="indent1" width="20%">URL</td>
        <td colspan="1" rowspan="1" width="80%">
          <a shape="rect" href="https://juice-shop.herokuapp.com/socket.io/?EIO=4&amp;transport=polling&amp;t=OlGnyCj&amp;sid=oXBzVbO52_EmBjGYAAOz">https://juice-shop.herokuapp.com/socket.io/?EIO=4&amp;transport=polling&amp;t=OlGnyCj&amp;sid=oXBzVbO52_EmBjGYAAOz</a>
        </td>
      </tr>
      <tr>
        <td colspan="1" rowspan="1" class="indent2" width="20%">Método</td>
        <td colspan="1" rowspan="1" width="80%">POST</td>
      </tr>
      <tr>
        <td colspan="1" rowspan="1" class="indent2" width="20%">Parámetros</td>
        <td colspan="1" rowspan="1" width="80%">Header User-Agent</td>
      </tr>
      <tr>
        <td colspan="1" rowspan="1" class="indent2" width="20%">Ataque</td>
        <td colspan="1" rowspan="1" width="80%">Mozilla/5.0 (Windows NT 10.0; Win64; x64; rv:93.0) Gecko/20100101 Firefox/91.0</td>
      </tr>
      <tr>
        <td colspan="1" rowspan="1" class="indent2" width="20%">Evidencia</td>
        <td colspan="1" rowspan="1" width="80%"/>
      </tr>
      <tr>
        <td colspan="1" rowspan="1" class="indent2" width="20%">Other Info</td>
        <td colspan="1" rowspan="1" width="80%"/>
      </tr>
      <tr>
        <td colspan="1" rowspan="1" class="indent1" width="20%">URL</td>
        <td colspan="1" rowspan="1" width="80%">
          <a shape="rect" href="https://juice-shop.herokuapp.com/socket.io/?EIO=4&amp;transport=polling&amp;t=OlGnyCj&amp;sid=oXBzVbO52_EmBjGYAAOz">https://juice-shop.herokuapp.com/socket.io/?EIO=4&amp;transport=polling&amp;t=OlGnyCj&amp;sid=oXBzVbO52_EmBjGYAAOz</a>
        </td>
      </tr>
      <tr>
        <td colspan="1" rowspan="1" class="indent2" width="20%">Método</td>
        <td colspan="1" rowspan="1" width="80%">POST</td>
      </tr>
      <tr>
        <td colspan="1" rowspan="1" class="indent2" width="20%">Parámetros</td>
        <td colspan="1" rowspan="1" width="80%">Header User-Agent</td>
      </tr>
      <tr>
        <td colspan="1" rowspan="1" class="indent2" width="20%">Ataque</td>
        <td colspan="1" rowspan="1" width="80%">Mozilla/5.0 (compatible; Googlebot/2.1; +http://www.google.com/bot.html)</td>
      </tr>
      <tr>
        <td colspan="1" rowspan="1" class="indent2" width="20%">Evidencia</td>
        <td colspan="1" rowspan="1" width="80%"/>
      </tr>
      <tr>
        <td colspan="1" rowspan="1" class="indent2" width="20%">Other Info</td>
        <td colspan="1" rowspan="1" width="80%"/>
      </tr>
      <tr>
        <td colspan="1" rowspan="1" class="indent1" width="20%">URL</td>
        <td colspan="1" rowspan="1" width="80%">
          <a shape="rect" href="https://juice-shop.herokuapp.com/socket.io/?EIO=4&amp;transport=polling&amp;t=OlGnyCj&amp;sid=oXBzVbO52_EmBjGYAAOz">https://juice-shop.herokuapp.com/socket.io/?EIO=4&amp;transport=polling&amp;t=OlGnyCj&amp;sid=oXBzVbO52_EmBjGYAAOz</a>
        </td>
      </tr>
      <tr>
        <td colspan="1" rowspan="1" class="indent2" width="20%">Método</td>
        <td colspan="1" rowspan="1" width="80%">POST</td>
      </tr>
      <tr>
        <td colspan="1" rowspan="1" class="indent2" width="20%">Parámetros</td>
        <td colspan="1" rowspan="1" width="80%">Header User-Agent</td>
      </tr>
      <tr>
        <td colspan="1" rowspan="1" class="indent2" width="20%">Ataque</td>
        <td colspan="1" rowspan="1" width="80%">Mozilla/5.0 (compatible; Yahoo! Slurp; http://help.yahoo.com/help/us/ysearch/slurp)</td>
      </tr>
      <tr>
        <td colspan="1" rowspan="1" class="indent2" width="20%">Evidencia</td>
        <td colspan="1" rowspan="1" width="80%"/>
      </tr>
      <tr>
        <td colspan="1" rowspan="1" class="indent2" width="20%">Other Info</td>
        <td colspan="1" rowspan="1" width="80%"/>
      </tr>
      <tr>
        <td colspan="1" rowspan="1" class="indent1" width="20%">URL</td>
        <td colspan="1" rowspan="1" width="80%">
          <a shape="rect" href="https://juice-shop.herokuapp.com/socket.io/?EIO=4&amp;transport=polling&amp;t=OlGnyCj&amp;sid=oXBzVbO52_EmBjGYAAOz">https://juice-shop.herokuapp.com/socket.io/?EIO=4&amp;transport=polling&amp;t=OlGnyCj&amp;sid=oXBzVbO52_EmBjGYAAOz</a>
        </td>
      </tr>
      <tr>
        <td colspan="1" rowspan="1" class="indent2" width="20%">Método</td>
        <td colspan="1" rowspan="1" width="80%">POST</td>
      </tr>
      <tr>
        <td colspan="1" rowspan="1" class="indent2" width="20%">Parámetros</td>
        <td colspan="1" rowspan="1" width="80%">Header User-Agent</td>
      </tr>
      <tr>
        <td colspan="1" rowspan="1" class="indent2" width="20%">Ataque</td>
        <td colspan="1" rowspan="1" width="80%">Mozilla/5.0 (iPhone; CPU iPhone OS 8_0_2 like Mac OS X) AppleWebKit/600.1.4 (KHTML, like Gecko) Version/8.0 Mobile/12A366 Safari/600.1.4</td>
      </tr>
      <tr>
        <td colspan="1" rowspan="1" class="indent2" width="20%">Evidencia</td>
        <td colspan="1" rowspan="1" width="80%"/>
      </tr>
      <tr>
        <td colspan="1" rowspan="1" class="indent2" width="20%">Other Info</td>
        <td colspan="1" rowspan="1" width="80%"/>
      </tr>
      <tr>
        <td colspan="1" rowspan="1" class="indent1" width="20%">URL</td>
        <td colspan="1" rowspan="1" width="80%">
          <a shape="rect" href="https://juice-shop.herokuapp.com/socket.io/?EIO=4&amp;transport=polling&amp;t=OlGnyCj&amp;sid=oXBzVbO52_EmBjGYAAOz">https://juice-shop.herokuapp.com/socket.io/?EIO=4&amp;transport=polling&amp;t=OlGnyCj&amp;sid=oXBzVbO52_EmBjGYAAOz</a>
        </td>
      </tr>
      <tr>
        <td colspan="1" rowspan="1" class="indent2" width="20%">Método</td>
        <td colspan="1" rowspan="1" width="80%">POST</td>
      </tr>
      <tr>
        <td colspan="1" rowspan="1" class="indent2" width="20%">Parámetros</td>
        <td colspan="1" rowspan="1" width="80%">Header User-Agent</td>
      </tr>
      <tr>
        <td colspan="1" rowspan="1" class="indent2" width="20%">Ataque</td>
        <td colspan="1" rowspan="1" width="80%">Mozilla/5.0 (iPhone; U; CPU iPhone OS 3_0 like Mac OS X; en-us) AppleWebKit/528.18 (KHTML, like Gecko) Version/4.0 Mobile/7A341 Safari/528.16</td>
      </tr>
      <tr>
        <td colspan="1" rowspan="1" class="indent2" width="20%">Evidencia</td>
        <td colspan="1" rowspan="1" width="80%"/>
      </tr>
      <tr>
        <td colspan="1" rowspan="1" class="indent2" width="20%">Other Info</td>
        <td colspan="1" rowspan="1" width="80%"/>
      </tr>
      <tr>
        <td colspan="1" rowspan="1" class="indent1" width="20%">URL</td>
        <td colspan="1" rowspan="1" width="80%">
          <a shape="rect" href="https://juice-shop.herokuapp.com/socket.io/?EIO=4&amp;transport=polling&amp;t=OlGnyCj&amp;sid=oXBzVbO52_EmBjGYAAOz">https://juice-shop.herokuapp.com/socket.io/?EIO=4&amp;transport=polling&amp;t=OlGnyCj&amp;sid=oXBzVbO52_EmBjGYAAOz</a>
        </td>
      </tr>
      <tr>
        <td colspan="1" rowspan="1" class="indent2" width="20%">Método</td>
        <td colspan="1" rowspan="1" width="80%">POST</td>
      </tr>
      <tr>
        <td colspan="1" rowspan="1" class="indent2" width="20%">Parámetros</td>
        <td colspan="1" rowspan="1" width="80%">Header User-Agent</td>
      </tr>
      <tr>
        <td colspan="1" rowspan="1" class="indent2" width="20%">Ataque</td>
        <td colspan="1" rowspan="1" width="80%">msnbot/1.1 (+http://search.msn.com/msnbot.htm)</td>
      </tr>
      <tr>
        <td colspan="1" rowspan="1" class="indent2" width="20%">Evidencia</td>
        <td colspan="1" rowspan="1" width="80%"/>
      </tr>
      <tr>
        <td colspan="1" rowspan="1" class="indent2" width="20%">Other Info</td>
        <td colspan="1" rowspan="1" width="80%"/>
      </tr>
      <tr>
        <td colspan="1" rowspan="1" width="20%">Instancia</td>
        <td colspan="1" rowspan="1" width="80%">132</td>
      </tr>
      <tr>
        <td colspan="1" rowspan="1" width="20%">Solución</td>
        <td colspan="1" rowspan="1" width="80%"/>
      </tr>
      <tr>
        <td colspan="1" rowspan="1" width="20%">Referencia</td>
        <td colspan="1" rowspan="1" width="80%">
          <a shape="rect" href="https://owasp.org/wstg">https://owasp.org/wstg</a>
        </td>
      </tr>
      <tr>
        <td colspan="1" rowspan="1" width="20%">CWE Id</td>
        <td colspan="1" rowspan="1" width="80%"/>
      </tr>
      <tr>
        <td colspan="1" rowspan="1" width="20%">WASC Id</td>
        <td colspan="1" rowspan="1" width="80%"/>
      </tr>
      <tr>
        <td colspan="1" rowspan="1" width="20%">Plugin Id</td>
        <td colspan="1" rowspan="1" width="80%">
          <a shape="rect" href="https://www.zaproxy.org/docs/alerts/10104/">10104</a>
        </td>
      </tr>
    </table>
    <div class="spacer"/>
  </body>
</html>
]]></system-out>
  <system-err><![CDATA[]]></system-err>
</testsuite>
